#
# A fatal error has been detected by the Java Runtime Environment:
#
#  EXCEPTION_ACCESS_VIOLATION (0xc0000005) at pc=0x0000024b33694d88, pid=1852, tid=14332
#
# JRE version: Java(TM) SE Runtime Environment (22.0.2+9) (build 22.0.2+9-70)
# Java VM: Java HotSpot(TM) 64-Bit Server VM (22.0.2+9-70, mixed mode, sharing, tiered, compressed oops, compressed class ptrs, g1 gc, windows-amd64)
# Problematic frame:
# j  java.lang.invoke.LambdaForm$DMH+0x0000024b41154400.invokeVirtual(Ljava/lang/Object;Ljava/lang/Object;Ljava/lang/Object;)Ljava/lang/Object;+11 java.base@22.0.2
#
# No core dump will be written. Minidumps are not enabled by default on client versions of Windows
#
# If you would like to submit a bug report, please visit:
#   https://bugreport.java.com/bugreport/crash.jsp
#

---------------  S U M M A R Y ------------

Command Line: -XX:+ShowCodeDetailsInExceptionMessages -agentlib:jdwp=transport=dt_socket,suspend=y,address=localhost:58900 -javaagent:C:\Users\Group020\Desktop\Gk\eclipse\configuration\org.eclipse.osgi\448\0\.cp\lib\javaagent-shaded.jar -Dfile.encoding=UTF-8 -Dstdout.encoding=UTF-8 -Dstderr.encoding=UTF-8 com.app.Manager2Application

Host: Intel(R) Core(TM) i5-4670T CPU @ 2.30GHz, 4 cores, 7G,  Windows 10 , 64 bit Build 19041 (10.0.19041.4597)
Time: Fri Aug  9 19:00:41 2024 India Standard Time elapsed time: 1519.152598 seconds (0d 0h 25m 19s)

---------------  T H R E A D  ---------------

Current thread (0x0000024b88c74a20):  JavaThread "http-nio-8080-exec-10" daemon [_thread_in_Java, id=14332, stack(0x0000008034800000,0x0000008034900000) (1024K)]

Stack: [0x0000008034800000,0x0000008034900000],  sp=0x00000080348fb8f0,  free space=1006k
Native frames: (J=compiled Java code, j=interpreted, Vv=VM code, C=native code)
C  0x0000024b33694d88  (no source info available)

The last pc belongs to invokestatic (printed below).

siginfo: EXCEPTION_ACCESS_VIOLATION (0xc0000005), reading address 0xffffffffffffffff


Registers:
RAX=0x0000024b81928648, RBX=0x0000024b8179e870, RCX=0x0000024b819283f8, RDX=0x0000000000000002
RSP=0x00000080348fb8f0, RBP=0x00000080348fb950, RSI=0x0000024b868e5808, RDI=0x0000024b87779be0
R8 =0x0000000000000004, R9 =0x0000000000000004, R10=0x00007fffe1abc840, R11=0x0000024b81928280
R12=0x0000000000000000, R13=0xfffffffffffffff7, R14=0x00000080348fb978, R15=0x0000024b88c74a20
RIP=0x0000024b33694d88, EFLAGS=0x0000000000010282


Register to memory mapping:

RAX=0x0000024b81928648 is pointing into metadata
RBX={method} {0x0000024b8179e878} 'linkToVirtual' '(Ljava/lang/Object;Ljava/lang/Object;Ljava/lang/invoke/MemberName;)Ljava/lang/Object;' in 'java/lang/invoke/MethodHandle'
RCX=0x0000024b819283f8 is pointing into metadata
RDX=0x0000000000000002 is an unknown value
RSP=0x00000080348fb8f0 is pointing into the stack for thread: 0x0000024b88c74a20
RBP=0x00000080348fb950 is pointing into the stack for thread: 0x0000024b88c74a20
RSI=0x0000024b868e5808 points into unknown readable memory: 0x80000e00b7c51894 | 94 18 c5 b7 00 0e 00 80
RDI=0x0000024b87779be0 points into unknown readable memory: 0x0000002000000070 | 70 00 00 00 20 00 00 00
R8 =0x0000000000000004 is an unknown value
R9 =0x0000000000000004 is an unknown value
R10=0x00007fffe1abc840 jvm.dll
R11={method} {0x0000024b81928288} 'invokeVirtual' '(Ljava/lang/Object;Ljava/lang/Object;Ljava/lang/Object;)Ljava/lang/Object;' in 'java/lang/invoke/LambdaForm$DMH+0x0000024b41154400'
R12=0x0 is null
R13=0xfffffffffffffff7 is an unknown value
R14=0x00000080348fb978 is pointing into the stack for thread: 0x0000024b88c74a20
R15=0x0000024b88c74a20 is a thread

Top of Stack: (sp=0x00000080348fb8f0)
0x00000080348fb8f0:   0000024b33679741 0000000086b3b9e8
0x00000080348fb900:   0000000084985430 fffffffffffffff7
0x00000080348fb910:   0000024b81928273 0000000000000005
0x00000080348fb920:   0000024b81928428 0000024b81928640
0x00000080348fb930:   00000000821b1300 0000024b81928280
0x00000080348fb940:   0000000000000000 00000080348fb980
0x00000080348fb950:   0000000084d483a0 0000024b2d30a6ef
0x00000080348fb960:   0000000086b25388 0000000086b3b9e8
0x00000080348fb970:   0000000084985430 0000000086b25500
0x00000080348fb980:   0000024b91c25000 0000024b33c66609
0x00000080348fb990:   fffffffffffffff7 0000024b4003c700
0x00000080348fb9a0:   0000000086b25810 0000000084985430
0x00000080348fb9b0:   0000000086b257c0 0000000086b3b9e8
0x00000080348fb9c0:   0000000086b3b9e8 0000000086b256c8
0x00000080348fb9d0:   0000000086b25500 0000000084985430
0x00000080348fb9e0:   0000024b2d30a584 0000000082062580
0x00000080348fb9f0:   0000000084d483a0 0000024b34163451
0x00000080348fba00:   0000000084985430 0000000086b41d58
0x00000080348fba10:   00000000831185a8 0000000084d483a0
0x00000080348fba20:   0000000086b25840 0000000086b3b9e8
0x00000080348fba30:   0000000086b25810 0000000084985430
0x00000080348fba40:   0000000086b41d58 00000000831185a8
0x00000080348fba50:   0000000086b25840 fffffffffffffff7
0x00000080348fba60:   0000000086b25810 0000000000000002
0x00000080348fba70:   0000024b86b3b9e8 0000000000000000
0x00000080348fba80:   0000024b34162570 0000024b84ff9900
0x00000080348fba90:   00000080348fbb08 0000024b33679741
0x00000080348fbaa0:   0000024b33679741 0000000086b41d58
0x00000080348fbab0:   0000000084985430 0000000084d483a0
0x00000080348fbac0:   fffffffffffffff7 0000024b91183577
0x00000080348fbad0:   0000000000000009 0000024b9142f9b8
0x00000080348fbae0:   0000000000000000 00000000831185a8 

Instructions: (pc=0x0000024b33694d88)
0x0000024b33694c88:   ff d0 48 83 c4 20 ff e0 49 83 7f 08 00 0f 84 05
0x0000024b33694c98:   00 00 00 e9 60 c2 fd ff 4c 8b 6d c0 4c 8b 75 c8
0x0000024b33694ca8:   4e 8d 74 f5 00 c3 48 8b 4d d0 41 0f b7 55 01 48
0x0000024b33694cb8:   8b 49 30 6b d2 18 48 8d 4c 11 08 48 8b 19 48 8b
0x0000024b33694cc8:   5b 08 48 8b 5b 08 48 8b 5b 18 80 bb 20 01 00 00
0x0000024b33694cd8:   05 0f 84 0d 00 00 00 4c 3b bb 30 01 00 00 0f 85
0x0000024b33694ce8:   63 fe ff ff 0f b6 51 15 48 8b 19 4c 89 6d c0 44
0x0000024b33694cf8:   8b ea 0f b6 51 14 49 ba 40 c8 ab e1 ff 7f 00 00
0x0000024b33694d08:   49 8b 14 d2 52 41 8b d5 4c 8b 6d c0 48 8b 45 d8
0x0000024b33694d18:   48 85 c0 0f 84 12 00 00 00 48 83 40 08 01 48 83
0x0000024b33694d28:   58 08 00 48 83 c0 10 48 89 45 d8 48 8b 45 d8 48
0x0000024b33694d38:   85 c0 0f 84 3d 01 00 00 80 78 f0 0a 0f 85 33 01
0x0000024b33694d48:   00 00 48 83 c0 08 4c 8b 68 f8 41 83 ed 00 41 83
0x0000024b33694d58:   fd 02 0f 8c 12 01 00 00 4c 8b 6b 08 45 0f b7 6d
0x0000024b33694d68:   2e 4c 2b 28 41 83 ed 01 4e 8b 6c ec 08 4d 85 ed
0x0000024b33694d78:   75 0e f6 40 08 01 75 58 f0 48 83 48 08 01 eb 50
0x0000024b33694d88:   45 8b 6d 08 49 ba 00 00 00 40 4b 02 00 00 4d 03
0x0000024b33694d98:   ea 4d 8b d5 4c 33 68 08 49 f7 c5 fc ff ff ff 74
0x0000024b33694da8:   2f 41 f6 c5 02 75 29 48 83 78 08 00 74 1e 48 83
0x0000024b33694db8:   78 08 01 74 17 4d 8b ea 4c 33 68 08 49 f7 c5 fc
0x0000024b33694dc8:   ff ff ff 74 0b 48 83 48 08 02 eb 04 4c 89 68 08
0x0000024b33694dd8:   48 83 c0 10 4c 8b 68 e8 41 83 ed 02 41 83 fd 02
0x0000024b33694de8:   0f 8c 84 00 00 00 4c 8b 6b 08 45 0f b7 6d 2e 4c
0x0000024b33694df8:   2b 28 41 83 ed 01 4e 8b 6c ec 08 4d 85 ed 75 0e
0x0000024b33694e08:   f6 40 08 01 75 58 f0 48 83 48 08 01 eb 50 45 8b
0x0000024b33694e18:   6d 08 49 ba 00 00 00 40 4b 02 00 00 4d 03 ea 4d
0x0000024b33694e28:   8b d5 4c 33 68 08 49 f7 c5 fc ff ff ff 74 2f 41
0x0000024b33694e38:   f6 c5 02 75 29 48 83 78 08 00 74 1e 48 83 78 08
0x0000024b33694e48:   01 74 17 4d 8b ea 4c 33 68 08 49 f7 c5 fc ff ff
0x0000024b33694e58:   ff 74 0b 48 83 48 08 02 eb 04 4c 89 68 08 48 83
0x0000024b33694e68:   c0 10 4c 8b 68 d8 41 83 ed 04 41 c1 e5 03 49 03
0x0000024b33694e78:   c5 48 89 45 d8 4c 8d 6c 24 08 49 8b cd 48 2b cd 


Stack slot to memory mapping:

stack at sp + 0 slots: 0x0000024b33679741 is at code_begin+4801 in an Interpreter codelet
return entry points  [0x0000024b33678480, 0x0000024b3367a680]  8704 bytes
stack at sp + 1 slots: 0x0000000086b3b9e8 is an oop: org.apache.catalina.session.StandardSessionFacade 
{0x0000000086b3b9e8} - klass: 'org/apache/catalina/session/StandardSessionFacade'
 - ---- fields (total size 2 words):
 - private final 'session' 'Ljakarta/servlet/http/HttpSession;' @12  a 'org/apache/catalina/session/StandardSession'{0x0000000086b3b798} (0x86b3b798)
stack at sp + 2 slots: 0x0000000084985430 is an oop: com.app.controllers.UserController 
{0x0000000084985430} - klass: 'com/app/controllers/UserController'
 - ---- fields (total size 3 words):
 - private 'userService' 'Lcom/app/service/UserService;' @12  a 'com/app/service/UserService$$SpringCGLIB$$0'{0x00000000849787b0} (0x849787b0)
 - private 'investmentService' 'Lcom/app/service/InvestmentService;' @16  a 'com/app/service/InvestmentService$$SpringCGLIB$$0'{0x0000000084ebf620} (0x84ebf620)
stack at sp + 3 slots: 0xfffffffffffffff7 is an unknown value
stack at sp + 4 slots: 0x0000024b81928273 is pointing into metadata
stack at sp + 5 slots: 0x0000000000000005 is an unknown value
stack at sp + 6 slots: 0x0000024b81928428 is pointing into metadata
stack at sp + 7 slots: 0x0000024b81928640 is pointing into metadata

invokestatic  184 invokestatic  [0x0000024b33694b00, 0x0000024b33694ea0]  928 bytes
[MachCode]
  0x0000024b33694b00: 4883 ec08 | c5fa 1104 | 24eb 1f48 | 83ec 10c5 | fb11 0424 | eb14 4883 | ec10 4889 | 0424 48c7 
  0x0000024b33694b20: 4424 0800 | 0000 00eb | 0150 488b | 4dd0 410f | b755 0148 | 8b49 306b | d218 488d | 4c11 080f 
  0x0000024b33694b40: b659 1681 | fbb8 0000 | 000f 8474 | 0100 00bb | b800 0000 | e805 0000 | 00e9 5001 | 0000 488b 
  0x0000024b33694b60: d348 8d44 | 2408 4c89 | 6dc0 498b | cfc5 f877 | 4989 afb0 | 0300 0049 | 8987 a003 | 0000 4883 
  0x0000024b33694b80: ec20 40f6 | c40f 0f84 | 1900 0000 | 4883 ec08 | 48b8 90d1 | 21e1 ff7f | 0000 ffd0 | 4883 c408 
  0x0000024b33694ba0: e90c 0000 | 0048 b890 | d121 e1ff | 7f00 00ff | d048 83c4 | 2049 c787 | a003 0000 | 0000 0000 
  0x0000024b33694bc0: 49c7 87b0 | 0300 0000 | 0000 0049 | c787 a803 | 0000 0000 | 0000 c5f8 | 7741 8b8f | 3405 0000 
  0x0000024b33694be0: f6c1 010f | 8442 0000 | 00f6 c102 | 0f85 3900 | 0000 4883 | ec20 40f6 | c40f 0f84 | 1900 0000 
  0x0000024b33694c00: 4883 ec08 | 48b8 c07b | 21e1 ff7f | 0000 ffd0 | 4883 c408 | e90c 0000 | 0048 b8c0 | 7b21 e1ff 
  0x0000024b33694c20: 7f00 00ff | d048 83c4 | 20ff e049 | 8b8f e005 | 0000 4885 | c90f 8455 | 0000 008b | 899c 0000 
  0x0000024b33694c40: 0083 f901 | 0f85 4600 | 0000 498b | 8fe0 0500 | 008b 89a0 | 0000 0048 | 83ec 2040 | f6c4 0f0f 
  0x0000024b33694c60: 8419 0000 | 0048 83ec | 0848 b8b0 | 7b21 e1ff | 7f00 00ff | d048 83c4 | 08e9 0c00 | 0000 48b8 
  0x0000024b33694c80: b07b 21e1 | ff7f 0000 | ffd0 4883 | c420 ffe0 | 4983 7f08 | 000f 8405 | 0000 00e9 | 60c2 fdff 
  0x0000024b33694ca0: 4c8b 6dc0 | 4c8b 75c8 | 4e8d 74f5 | 00c3 488b | 4dd0 410f | b755 0148 | 8b49 306b | d218 488d 
  0x0000024b33694cc0: 4c11 0848 | 8b19 488b | 5b08 488b | 5b08 488b | 5b18 80bb | 2001 0000 | 050f 840d | 0000 004c 
  0x0000024b33694ce0: 3bbb 3001 | 0000 0f85 | 63fe ffff | 0fb6 5115 | 488b 194c | 896d c044 | 8bea 0fb6 | 5114 49ba 
  0x0000024b33694d00: 40c8 abe1 | ff7f 0000 | 498b 14d2 | 5241 8bd5 | 4c8b 6dc0 | 488b 45d8 | 4885 c00f | 8412 0000 
  0x0000024b33694d20: 0048 8340 | 0801 4883 | 5808 0048 | 83c0 1048 | 8945 d848 | 8b45 d848 | 85c0 0f84 | 3d01 0000 
  0x0000024b33694d40: 8078 f00a | 0f85 3301 | 0000 4883 | c008 4c8b | 68f8 4183 | ed00 4183 | fd02 0f8c | 1201 0000 
  0x0000024b33694d60: 4c8b 6b08 | 450f b76d | 2e4c 2b28 | 4183 ed01 | 4e8b 6cec | 084d 85ed | 750e f640 | 0801 7558 
  0x0000024b33694d80: f048 8348 | 0801 eb50 | 458b 6d08 | 49ba 0000 | 0040 4b02 | 0000 4d03 | ea4d 8bd5 | 4c33 6808 
  0x0000024b33694da0: 49f7 c5fc | ffff ff74 | 2f41 f6c5 | 0275 2948 | 8378 0800 | 741e 4883 | 7808 0174 | 174d 8bea 
  0x0000024b33694dc0: 4c33 6808 | 49f7 c5fc | ffff ff74 | 0b48 8348 | 0802 eb04 | 4c89 6808 | 4883 c010 | 4c8b 68e8 
  0x0000024b33694de0: 4183 ed02 | 4183 fd02 | 0f8c 8400 | 0000 4c8b | 6b08 450f | b76d 2e4c | 2b28 4183 | ed01 4e8b 
  0x0000024b33694e00: 6cec 084d | 85ed 750e | f640 0801 | 7558 f048 | 8348 0801 | eb50 458b | 6d08 49ba | 0000 0040 
  0x0000024b33694e20: 4b02 0000 | 4d03 ea4d | 8bd5 4c33 | 6808 49f7 | c5fc ffff | ff74 2f41 | f6c5 0275 | 2948 8378 
  0x0000024b33694e40: 0800 741e | 4883 7808 | 0174 174d | 8bea 4c33 | 6808 49f7 | c5fc ffff | ff74 0b48 | 8348 0802 
  0x0000024b33694e60: eb04 4c89 | 6808 4883 | c010 4c8b | 68d8 4183 | ed04 41c1 | e503 4903 | c548 8945 | d84c 8d6c 
  0x0000024b33694e80: 2408 498b | cd48 2bcd | 48c1 f903 | 4889 4df0 | 4180 bfe8 | 0500 0000 | 7403 ff63 | 38ff 6350 
[/MachCode]

---------------  P R O C E S S  ---------------

Threads class SMR info:
_java_thread_list=0x0000024b85256320, length=33, elements={
0x0000024b3fdb7670, 0x0000024b3fdbd0f0, 0x0000024b3fdc0200, 0x0000024b3fdc0c60,
0x0000024b3fdcd6f0, 0x0000024b3fdd3e00, 0x0000024b3fdd6180, 0x0000024b3fdd9670,
0x0000024b3fdd3770, 0x0000024b851bf940, 0x0000024b851bffd0, 0x0000024b8524b010,
0x0000024b3fdd2a50, 0x0000024b899a4a90, 0x0000024b899a57b0, 0x0000024b89dbdb70,
0x0000024b88c76460, 0x0000024b88c798e0, 0x0000024b88c75740, 0x0000024b88c74390,
0x0000024b88c75dd0, 0x0000024b88c77180, 0x0000024b88c73d00, 0x0000024b88c78bc0,
0x0000024b88c72fe0, 0x0000024b88c79f70, 0x0000024b88c77810, 0x0000024b88c79250,
0x0000024b88c7a600, 0x0000024b88c73670, 0x0000024b88c74a20, 0x0000024b89dbfc40,
0x0000024b89dbb410
}

Java Threads: ( => current thread )
  0x0000024b3fdb7670 JavaThread "Reference Handler"          daemon [_thread_blocked, id=10320, stack(0x0000008032600000,0x0000008032700000) (1024K)]
  0x0000024b3fdbd0f0 JavaThread "Finalizer"                  daemon [_thread_blocked, id=16548, stack(0x0000008032700000,0x0000008032800000) (1024K)]
  0x0000024b3fdc0200 JavaThread "Signal Dispatcher"          daemon [_thread_blocked, id=2500, stack(0x0000008032800000,0x0000008032900000) (1024K)]
  0x0000024b3fdc0c60 JavaThread "Attach Listener"            daemon [_thread_blocked, id=14500, stack(0x0000008032900000,0x0000008032a00000) (1024K)]
  0x0000024b3fdcd6f0 JavaThread "Service Thread"             daemon [_thread_blocked, id=4780, stack(0x0000008032a00000,0x0000008032b00000) (1024K)]
  0x0000024b3fdd3e00 JavaThread "Monitor Deflation Thread"   daemon [_thread_blocked, id=10128, stack(0x0000008032b00000,0x0000008032c00000) (1024K)]
  0x0000024b3fdd6180 JavaThread "C2 CompilerThread0"         daemon [_thread_blocked, id=10036, stack(0x0000008032c00000,0x0000008032d00000) (1024K)]
  0x0000024b3fdd9670 JavaThread "C1 CompilerThread0"         daemon [_thread_blocked, id=5220, stack(0x0000008032d00000,0x0000008032e00000) (1024K)]
  0x0000024b3fdd3770 JavaThread "Common-Cleaner"             daemon [_thread_blocked, id=12028, stack(0x0000008032e00000,0x0000008032f00000) (1024K)]
  0x0000024b851bf940 JavaThread "JDWP Transport Listener: dt_socket" daemon [_thread_blocked, id=16140, stack(0x0000008032f00000,0x0000008033000000) (1024K)]
  0x0000024b851bffd0 JavaThread "JDWP Event Helper Thread"   daemon [_thread_blocked, id=15532, stack(0x0000008033000000,0x0000008033100000) (1024K)]
  0x0000024b8524b010 JavaThread "JDWP Command Reader"        daemon [_thread_in_native, id=3484, stack(0x0000008033100000,0x0000008033200000) (1024K)]
  0x0000024b3fdd2a50 JavaThread "Notification Thread"        daemon [_thread_blocked, id=9236, stack(0x0000008033300000,0x0000008033400000) (1024K)]
  0x0000024b899a4a90 JavaThread "mysql-cj-abandoned-connection-cleanup" daemon [_thread_blocked, id=10584, stack(0x0000008033c00000,0x0000008033d00000) (1024K)]
  0x0000024b899a57b0 JavaThread "Live Reload Server"         daemon [_thread_in_native, id=12372, stack(0x0000008034200000,0x0000008034300000) (1024K)]
  0x0000024b89dbdb70 JavaThread "DestroyJavaVM"                     [_thread_blocked, id=7768, stack(0x0000008031e00000,0x0000008031f00000) (1024K)]
  0x0000024b88c76460 JavaThread "Catalina-utility-1"                [_thread_blocked, id=2244, stack(0x0000008033700000,0x0000008033800000) (1024K)]
  0x0000024b88c798e0 JavaThread "Catalina-utility-2"                [_thread_blocked, id=7464, stack(0x0000008033800000,0x0000008033900000) (1024K)]
  0x0000024b88c75740 JavaThread "container-0"                       [_thread_blocked, id=2156, stack(0x0000008033900000,0x0000008033a00000) (1024K)]
  0x0000024b88c74390 JavaThread "HikariPool-5 housekeeper"   daemon [_thread_blocked, id=12100, stack(0x0000008033a00000,0x0000008033b00000) (1024K)]
  0x0000024b88c75dd0 JavaThread "File Watcher"               daemon [_thread_blocked, id=3012, stack(0x0000008033d00000,0x0000008033e00000) (1024K)]
  0x0000024b88c77180 JavaThread "http-nio-8080-exec-1"       daemon [_thread_blocked, id=8216, stack(0x0000008033e00000,0x0000008033f00000) (1024K)]
  0x0000024b88c73d00 JavaThread "http-nio-8080-exec-2"       daemon [_thread_blocked, id=10808, stack(0x0000008033f00000,0x0000008034000000) (1024K)]
  0x0000024b88c78bc0 JavaThread "http-nio-8080-exec-3"       daemon [_thread_blocked, id=13160, stack(0x0000008034000000,0x0000008034100000) (1024K)]
  0x0000024b88c72fe0 JavaThread "http-nio-8080-exec-4"       daemon [_thread_blocked, id=12392, stack(0x0000008034100000,0x0000008034200000) (1024K)]
  0x0000024b88c79f70 JavaThread "http-nio-8080-exec-5"       daemon [_thread_blocked, id=12484, stack(0x0000008034300000,0x0000008034400000) (1024K)]
  0x0000024b88c77810 JavaThread "http-nio-8080-exec-6"       daemon [_thread_blocked, id=16460, stack(0x0000008034400000,0x0000008034500000) (1024K)]
  0x0000024b88c79250 JavaThread "http-nio-8080-exec-7"       daemon [_thread_blocked, id=3432, stack(0x0000008034500000,0x0000008034600000) (1024K)]
  0x0000024b88c7a600 JavaThread "http-nio-8080-exec-8"       daemon [_thread_blocked, id=16932, stack(0x0000008034600000,0x0000008034700000) (1024K)]
  0x0000024b88c73670 JavaThread "http-nio-8080-exec-9"       daemon [_thread_blocked, id=15992, stack(0x0000008034700000,0x0000008034800000) (1024K)]
=>0x0000024b88c74a20 JavaThread "http-nio-8080-exec-10"      daemon [_thread_in_Java, id=14332, stack(0x0000008034800000,0x0000008034900000) (1024K)]
  0x0000024b89dbfc40 JavaThread "http-nio-8080-Poller"       daemon [_thread_in_native, id=2900, stack(0x0000008034a00000,0x0000008034b00000) (1024K)]
  0x0000024b89dbb410 JavaThread "http-nio-8080-Acceptor"     daemon [_thread_in_native, id=10084, stack(0x0000008034b00000,0x0000008034c00000) (1024K)]
Total: 33

Other Threads:
  0x0000024b3fd9d830 VMThread "VM Thread"                           [id=12852, stack(0x0000008032500000,0x0000008032600000) (1024K)]
  0x0000024b3fd84cd0 WatcherThread "VM Periodic Task Thread"        [id=13580, stack(0x0000008032400000,0x0000008032500000) (1024K)]
  0x0000024b23e45660 WorkerThread "GC Thread#0"                     [id=7528, stack(0x0000008031f00000,0x0000008032000000) (1024K)]
  0x0000024b85c95120 WorkerThread "GC Thread#1"                     [id=12952, stack(0x0000008033400000,0x0000008033500000) (1024K)]
  0x0000024b85c954d0 WorkerThread "GC Thread#2"                     [id=12304, stack(0x0000008033500000,0x0000008033600000) (1024K)]
  0x0000024b85d4daa0 WorkerThread "GC Thread#3"                     [id=876, stack(0x0000008033600000,0x0000008033700000) (1024K)]
  0x0000024b23e56c60 ConcurrentGCThread "G1 Main Marker"            [id=7828, stack(0x0000008032000000,0x0000008032100000) (1024K)]
  0x0000024b23e57770 WorkerThread "G1 Conc#0"                       [id=3704, stack(0x0000008032100000,0x0000008032200000) (1024K)]
  0x0000024b23eae750 ConcurrentGCThread "G1 Refine#0"               [id=15120, stack(0x0000008032200000,0x0000008032300000) (1024K)]
  0x0000024b3fc4b770 ConcurrentGCThread "G1 Service"                [id=17076, stack(0x0000008032300000,0x0000008032400000) (1024K)]
Total: 10

Threads with active compile tasks:
Total: 0

VM state: not at safepoint (normal execution)

VM Mutex/Monitor currently owned by a thread: None

Heap address: 0x0000000081a00000, size: 2022 MB, Compressed Oops mode: 32-bit

CDS archive(s) mapped at: [0x0000024b40000000-0x0000024b40c60000-0x0000024b40c60000), size 12976128, SharedBaseAddress: 0x0000024b40000000, ArchiveRelocationMode: 1.
Compressed class space mapped at: 0x0000024b41000000-0x0000024b81000000, reserved size: 1073741824
Narrow klass base: 0x0000024b40000000, Narrow klass shift: 0, Narrow klass range: 0x41000000

GC Precious Log:
 CardTable entry size: 512
 Card Set container configuration: InlinePtr #cards 5 size 8 Array Of Cards #cards 12 size 40 Howl #buckets 4 coarsen threshold 1843 Howl Bitmap #cards 512 size 80 coarsen threshold 460 Card regions per heap region 1 cards per card region 2048
 CPUs: 4 total, 4 available
 Memory: 8082M
 Large Page Support: Disabled
 NUMA Support: Disabled
 Compressed Oops: Enabled (32-bit)
 Heap Region Size: 1M
 Heap Min Capacity: 8M
 Heap Initial Capacity: 128M
 Heap Max Capacity: 2022M
 Pre-touch: Disabled
 Parallel Workers: 4
 Concurrent Workers: 1
 Concurrent Refinement Workers: 4
 Periodic GC: Disabled

Heap:
 garbage-first heap   total reserved 2070528K, committed 84992K, used 56711K [0x0000000081a00000, 0x0000000100000000)
  region size 1024K, 14 young (14336K), 3 survivors (3072K)
 Metaspace       used 89407K, committed 90368K, reserved 1179648K
  class space    used 11810K, committed 12288K, reserved 1048576K

Heap Regions: E=young(eden), S=young(survivor), O=old, HS=humongous(starts), HC=humongous(continues), CS=collection set, F=free, TAMS=top-at-mark-start, PB=parsable bottom
|   0|0x0000000081a00000, 0x0000000081b00000, 0x0000000081b00000|100%|HS|  |TAMS 0x0000000081a00000| PB 0x0000000081a00000| Complete |  0
|   1|0x0000000081b00000, 0x0000000081c00000, 0x0000000081c00000|100%| O|  |TAMS 0x0000000081b00000| PB 0x0000000081b00000| Untracked |  0
|   2|0x0000000081c00000, 0x0000000081d00000, 0x0000000081d00000|100%| O|  |TAMS 0x0000000081c00000| PB 0x0000000081c00000| Untracked |  0
|   3|0x0000000081d00000, 0x0000000081e00000, 0x0000000081e00000|100%| O|  |TAMS 0x0000000081d00000| PB 0x0000000081d00000| Untracked |  0
|   4|0x0000000081e00000, 0x0000000081effff8, 0x0000000081f00000| 99%| O|  |TAMS 0x0000000081e00000| PB 0x0000000081e00000| Untracked |  0
|   5|0x0000000081f00000, 0x0000000082000000, 0x0000000082000000|100%| O|  |TAMS 0x0000000081f00000| PB 0x0000000081f00000| Untracked |  0
|   6|0x0000000082000000, 0x00000000820fffd0, 0x0000000082100000| 99%| O|  |TAMS 0x0000000082000000| PB 0x0000000082000000| Untracked |  0
|   7|0x0000000082100000, 0x00000000821fffe0, 0x0000000082200000| 99%| O|  |TAMS 0x0000000082100000| PB 0x0000000082100000| Untracked |  0
|   8|0x0000000082200000, 0x00000000822ffff0, 0x0000000082300000| 99%| O|  |TAMS 0x0000000082200000| PB 0x0000000082200000| Untracked |  0
|   9|0x0000000082300000, 0x00000000823ffff8, 0x0000000082400000| 99%| O|  |TAMS 0x0000000082300000| PB 0x0000000082300000| Untracked |  0
|  10|0x0000000082400000, 0x0000000082500000, 0x0000000082500000|100%| O|  |TAMS 0x0000000082400000| PB 0x0000000082400000| Untracked |  0
|  11|0x0000000082500000, 0x0000000082600000, 0x0000000082600000|100%| O|  |TAMS 0x0000000082500000| PB 0x0000000082500000| Untracked |  0
|  12|0x0000000082600000, 0x00000000826fffd0, 0x0000000082700000| 99%| O|  |TAMS 0x0000000082600000| PB 0x0000000082600000| Untracked |  0
|  13|0x0000000082700000, 0x00000000827fffe0, 0x0000000082800000| 99%| O|  |TAMS 0x0000000082700000| PB 0x0000000082700000| Untracked |  0
|  14|0x0000000082800000, 0x0000000082900000, 0x0000000082900000|100%| O|  |TAMS 0x0000000082800000| PB 0x0000000082800000| Untracked |  0
|  15|0x0000000082900000, 0x00000000829fffe8, 0x0000000082a00000| 99%| O|  |TAMS 0x0000000082900000| PB 0x0000000082900000| Untracked |  0
|  16|0x0000000082a00000, 0x0000000082affff8, 0x0000000082b00000| 99%| O|  |TAMS 0x0000000082a00000| PB 0x0000000082a00000| Untracked |  0
|  17|0x0000000082b00000, 0x0000000082bfffb0, 0x0000000082c00000| 99%| O|  |TAMS 0x0000000082b00000| PB 0x0000000082b00000| Untracked |  0
|  18|0x0000000082c00000, 0x0000000082cfffe0, 0x0000000082d00000| 99%| O|  |TAMS 0x0000000082c00000| PB 0x0000000082c00000| Untracked |  0
|  19|0x0000000082d00000, 0x0000000082dfffb8, 0x0000000082e00000| 99%| O|  |TAMS 0x0000000082d00000| PB 0x0000000082d00000| Untracked |  0
|  20|0x0000000082e00000, 0x0000000082efffe8, 0x0000000082f00000| 99%| O|  |TAMS 0x0000000082e00000| PB 0x0000000082e00000| Untracked |  0
|  21|0x0000000082f00000, 0x0000000082fffff8, 0x0000000083000000| 99%| O|  |TAMS 0x0000000082f00000| PB 0x0000000082f00000| Untracked |  0
|  22|0x0000000083000000, 0x00000000830fffe8, 0x0000000083100000| 99%| O|  |TAMS 0x0000000083000000| PB 0x0000000083000000| Untracked |  0
|  23|0x0000000083100000, 0x00000000831fffd8, 0x0000000083200000| 99%| O|  |TAMS 0x0000000083100000| PB 0x0000000083100000| Untracked |  0
|  24|0x0000000083200000, 0x0000000083300000, 0x0000000083300000|100%| O|  |TAMS 0x0000000083200000| PB 0x0000000083200000| Untracked |  0
|  25|0x0000000083300000, 0x00000000833ffff0, 0x0000000083400000| 99%| O|  |TAMS 0x0000000083300000| PB 0x0000000083300000| Untracked |  0
|  26|0x0000000083400000, 0x00000000834fffc8, 0x0000000083500000| 99%| O|  |TAMS 0x0000000083400000| PB 0x0000000083400000| Untracked |  0
|  27|0x0000000083500000, 0x00000000835fff98, 0x0000000083600000| 99%| O|  |TAMS 0x0000000083500000| PB 0x0000000083500000| Untracked |  0
|  28|0x0000000083600000, 0x0000000083700000, 0x0000000083700000|100%| O|  |TAMS 0x0000000083600000| PB 0x0000000083600000| Untracked |  0
|  29|0x0000000083700000, 0x00000000837ffff0, 0x0000000083800000| 99%| O|  |TAMS 0x0000000083700000| PB 0x0000000083700000| Untracked |  0
|  30|0x0000000083800000, 0x0000000083900000, 0x0000000083900000|100%| O|  |TAMS 0x0000000083800000| PB 0x0000000083800000| Untracked |  0
|  31|0x0000000083900000, 0x00000000839ffff0, 0x0000000083a00000| 99%| O|  |TAMS 0x0000000083900000| PB 0x0000000083900000| Untracked |  0
|  32|0x0000000083a00000, 0x0000000083afffd0, 0x0000000083b00000| 99%| O|  |TAMS 0x0000000083a00000| PB 0x0000000083a00000| Untracked |  0
|  33|0x0000000083b00000, 0x0000000083bfffe0, 0x0000000083c00000| 99%| O|  |TAMS 0x0000000083b00000| PB 0x0000000083b00000| Untracked |  0
|  34|0x0000000083c00000, 0x0000000083cfffd8, 0x0000000083d00000| 99%| O|  |TAMS 0x0000000083c00000| PB 0x0000000083c00000| Untracked |  0
|  35|0x0000000083d00000, 0x0000000083de2af0, 0x0000000083e00000| 88%| O|  |TAMS 0x0000000083d00000| PB 0x0000000083d00000| Untracked |  0
|  36|0x0000000083e00000, 0x0000000083e92e48, 0x0000000083f00000| 57%| O|  |TAMS 0x0000000083e00000| PB 0x0000000083e00000| Untracked |  0
|  37|0x0000000083f00000, 0x0000000083f00000, 0x0000000084000000|  0%| F|  |TAMS 0x0000000083f00000| PB 0x0000000083f00000| Untracked |  0
|  38|0x0000000084000000, 0x0000000084100000, 0x0000000084100000|100%| O|  |TAMS 0x0000000084000000| PB 0x0000000084000000| Untracked |  0
|  39|0x0000000084100000, 0x0000000084200000, 0x0000000084200000|100%| O|  |TAMS 0x0000000084100000| PB 0x0000000084100000| Untracked |  0
|  40|0x0000000084200000, 0x0000000084300000, 0x0000000084300000|100%| O|  |TAMS 0x0000000084200000| PB 0x0000000084200000| Untracked |  0
|  41|0x0000000084300000, 0x0000000084400000, 0x0000000084400000|100%| O|  |TAMS 0x0000000084300000| PB 0x0000000084300000| Untracked |  0
|  42|0x0000000084400000, 0x0000000084500000, 0x0000000084500000|100%| O|  |TAMS 0x0000000084400000| PB 0x0000000084400000| Untracked |  0
|  43|0x0000000084500000, 0x0000000084600000, 0x0000000084600000|100%| O|  |TAMS 0x0000000084500000| PB 0x0000000084500000| Untracked |  0
|  44|0x0000000084600000, 0x000000008465c2b0, 0x0000000084700000| 36%| O|  |TAMS 0x0000000084600000| PB 0x0000000084600000| Untracked |  0
|  45|0x0000000084700000, 0x0000000084700000, 0x0000000084800000|  0%| F|  |TAMS 0x0000000084700000| PB 0x0000000084700000| Untracked |  0
|  46|0x0000000084800000, 0x0000000084800000, 0x0000000084900000|  0%| F|  |TAMS 0x0000000084800000| PB 0x0000000084800000| Untracked |  0
|  47|0x0000000084900000, 0x0000000084990480, 0x0000000084a00000| 56%| S|CS|TAMS 0x0000000084900000| PB 0x0000000084900000| Complete |  0
|  48|0x0000000084a00000, 0x0000000084a00000, 0x0000000084b00000|  0%| F|  |TAMS 0x0000000084a00000| PB 0x0000000084a00000| Untracked |  0
|  49|0x0000000084b00000, 0x0000000084b00000, 0x0000000084c00000|  0%| F|  |TAMS 0x0000000084b00000| PB 0x0000000084b00000| Untracked |  0
|  50|0x0000000084c00000, 0x0000000084c00000, 0x0000000084d00000|  0%| F|  |TAMS 0x0000000084c00000| PB 0x0000000084c00000| Untracked |  0
|  51|0x0000000084d00000, 0x0000000084e00000, 0x0000000084e00000|100%| S|CS|TAMS 0x0000000084d00000| PB 0x0000000084d00000| Complete |  0
|  52|0x0000000084e00000, 0x0000000084f00000, 0x0000000084f00000|100%| S|CS|TAMS 0x0000000084e00000| PB 0x0000000084e00000| Complete |  0
|  53|0x0000000084f00000, 0x0000000084f00000, 0x0000000085000000|  0%| F|  |TAMS 0x0000000084f00000| PB 0x0000000084f00000| Untracked |  0
|  54|0x0000000085000000, 0x0000000085000000, 0x0000000085100000|  0%| F|  |TAMS 0x0000000085000000| PB 0x0000000085000000| Untracked |  0
|  55|0x0000000085100000, 0x0000000085100000, 0x0000000085200000|  0%| F|  |TAMS 0x0000000085100000| PB 0x0000000085100000| Untracked |  0
|  56|0x0000000085200000, 0x0000000085200000, 0x0000000085300000|  0%| F|  |TAMS 0x0000000085200000| PB 0x0000000085200000| Untracked |  0
|  57|0x0000000085300000, 0x0000000085300000, 0x0000000085400000|  0%| F|  |TAMS 0x0000000085300000| PB 0x0000000085300000| Untracked |  0
|  58|0x0000000085400000, 0x0000000085400000, 0x0000000085500000|  0%| F|  |TAMS 0x0000000085400000| PB 0x0000000085400000| Untracked |  0
|  59|0x0000000085500000, 0x0000000085500000, 0x0000000085600000|  0%| F|  |TAMS 0x0000000085500000| PB 0x0000000085500000| Untracked |  0
|  60|0x0000000085600000, 0x0000000085600000, 0x0000000085700000|  0%| F|  |TAMS 0x0000000085600000| PB 0x0000000085600000| Untracked |  0
|  61|0x0000000085700000, 0x0000000085700000, 0x0000000085800000|  0%| F|  |TAMS 0x0000000085700000| PB 0x0000000085700000| Untracked |  0
|  62|0x0000000085800000, 0x0000000085800000, 0x0000000085900000|  0%| F|  |TAMS 0x0000000085800000| PB 0x0000000085800000| Untracked |  0
|  63|0x0000000085900000, 0x0000000085900000, 0x0000000085a00000|  0%| F|  |TAMS 0x0000000085900000| PB 0x0000000085900000| Untracked |  0
|  64|0x0000000085a00000, 0x0000000085a00000, 0x0000000085b00000|  0%| F|  |TAMS 0x0000000085a00000| PB 0x0000000085a00000| Untracked |  0
|  65|0x0000000085b00000, 0x0000000085b00000, 0x0000000085c00000|  0%| F|  |TAMS 0x0000000085b00000| PB 0x0000000085b00000| Untracked |  0
|  66|0x0000000085c00000, 0x0000000085c00000, 0x0000000085d00000|  0%| F|  |TAMS 0x0000000085c00000| PB 0x0000000085c00000| Untracked |  0
|  67|0x0000000085d00000, 0x0000000085d00000, 0x0000000085e00000|  0%| F|  |TAMS 0x0000000085d00000| PB 0x0000000085d00000| Untracked |  0
|  68|0x0000000085e00000, 0x0000000085e00000, 0x0000000085f00000|  0%| F|  |TAMS 0x0000000085e00000| PB 0x0000000085e00000| Untracked |  0
|  69|0x0000000085f00000, 0x0000000085f00000, 0x0000000086000000|  0%| F|  |TAMS 0x0000000085f00000| PB 0x0000000085f00000| Untracked |  0
|  70|0x0000000086000000, 0x0000000086000000, 0x0000000086100000|  0%| F|  |TAMS 0x0000000086000000| PB 0x0000000086000000| Untracked |  0
|  71|0x0000000086100000, 0x0000000086100000, 0x0000000086200000|  0%| F|  |TAMS 0x0000000086100000| PB 0x0000000086100000| Untracked |  0
|  72|0x0000000086200000, 0x00000000862453d8, 0x0000000086300000| 27%| E|  |TAMS 0x0000000086200000| PB 0x0000000086200000| Complete |  0
|  73|0x0000000086300000, 0x0000000086400000, 0x0000000086400000|100%| E|CS|TAMS 0x0000000086300000| PB 0x0000000086300000| Complete |  0
|  74|0x0000000086400000, 0x0000000086500000, 0x0000000086500000|100%| E|CS|TAMS 0x0000000086400000| PB 0x0000000086400000| Complete |  0
|  75|0x0000000086500000, 0x0000000086600000, 0x0000000086600000|100%| E|CS|TAMS 0x0000000086500000| PB 0x0000000086500000| Complete |  0
|  76|0x0000000086600000, 0x0000000086700000, 0x0000000086700000|100%| E|CS|TAMS 0x0000000086600000| PB 0x0000000086600000| Complete |  0
|  77|0x0000000086700000, 0x0000000086800000, 0x0000000086800000|100%| E|CS|TAMS 0x0000000086700000| PB 0x0000000086700000| Complete |  0
|  78|0x0000000086800000, 0x0000000086900000, 0x0000000086900000|100%| E|CS|TAMS 0x0000000086800000| PB 0x0000000086800000| Complete |  0
|  79|0x0000000086900000, 0x0000000086a00000, 0x0000000086a00000|100%| E|CS|TAMS 0x0000000086900000| PB 0x0000000086900000| Complete |  0
|  80|0x0000000086a00000, 0x0000000086b00000, 0x0000000086b00000|100%| E|CS|TAMS 0x0000000086a00000| PB 0x0000000086a00000| Complete |  0
|  81|0x0000000086b00000, 0x0000000086c00000, 0x0000000086c00000|100%| E|CS|TAMS 0x0000000086b00000| PB 0x0000000086b00000| Complete |  0
|  82|0x0000000086c00000, 0x0000000086d00000, 0x0000000086d00000|100%| E|CS|TAMS 0x0000000086c00000| PB 0x0000000086c00000| Complete |  0

Card table byte_map: [0x0000024b3b540000,0x0000024b3b940000] _byte_map_base: 0x0000024b3b133000

Marking Bits: (CMBitMap*) 0x0000024b23e45d70
 Bits: [0x0000024b3b940000, 0x0000024b3d8d8000)

Polling page: 0x0000024b235b0000

Metaspace:

Usage:
  Non-class:     75.78 MB used.
      Class:     11.53 MB used.
       Both:     87.31 MB used.

Virtual space:
  Non-class space:      128.00 MB reserved,      76.25 MB ( 60%) committed,  2 nodes.
      Class space:        1.00 GB reserved,      12.00 MB (  1%) committed,  1 nodes.
             Both:        1.12 GB reserved,      88.25 MB (  8%) committed. 

Chunk freelists:
   Non-Class:  2.81 MB
       Class:  4.00 MB
        Both:  6.81 MB

MaxMetaspaceSize: unlimited
CompressedClassSpaceSize: 1.00 GB
Initial GC threshold: 21.00 MB
Current GC threshold: 145.31 MB
CDS: on
 - commit_granule_bytes: 65536.
 - commit_granule_words: 8192.
 - virtual_space_node_default_size: 8388608.
 - enlarge_chunks_in_place: 1.
 - use_allocation_guard: 0.


Internal statistics:

num_allocs_failed_limit: 9.
num_arena_births: 1292.
num_arena_deaths: 4.
num_vsnodes_births: 3.
num_vsnodes_deaths: 0.
num_space_committed: 1412.
num_space_uncommitted: 0.
num_chunks_returned_to_freelist: 13.
num_chunks_taken_from_freelist: 4597.
num_chunk_merges: 9.
num_chunk_splits: 3211.
num_chunks_enlarged: 2407.
num_inconsistent_stats: 0.

CodeHeap 'non-profiled nmethods': size=120000Kb used=8031Kb max_used=8031Kb free=111968Kb
 bounds [0x0000024b33c10000, 0x0000024b343f0000, 0x0000024b3b140000]
CodeHeap 'profiled nmethods': size=120000Kb used=18949Kb max_used=18949Kb free=101050Kb
 bounds [0x0000024b2c140000, 0x0000024b2d3d0000, 0x0000024b33670000]
CodeHeap 'non-nmethods': size=5760Kb used=1845Kb max_used=1912Kb free=3914Kb
 bounds [0x0000024b33670000, 0x0000024b338e0000, 0x0000024b33c10000]
 total_blobs=10222 nmethods=9436 adapters=689
 compilation: enabled
              stopped_count=0, restarted_count=0
 full_count=0

Compilation events (20 events):
Event: 1500.931 Thread 0x0000024b3fdd9670 nmethod 16308 0x0000024b2d3c6f90 code [0x0000024b2d3c71a0, 0x0000024b2d3c78d8]
Event: 1500.931 Thread 0x0000024b3fdd6180 nmethod 16307 0x0000024b343e7710 code [0x0000024b343e78a0, 0x0000024b343e79c8]
Event: 1500.934 Thread 0x0000024b3fdd9670 16309       3       jakarta.servlet.http.HttpServletRequestWrapper::getRequestURI (10 bytes)
Event: 1500.934 Thread 0x0000024b3fdd9670 nmethod 16309 0x0000024b2d3c7b10 code [0x0000024b2d3c7cc0, 0x0000024b2d3c8000]
Event: 1500.934 Thread 0x0000024b3fdd9670 16310       1       org.apache.coyote.Response::getContentLengthLong (5 bytes)
Event: 1500.934 Thread 0x0000024b3fdd9670 nmethod 16310 0x0000024b343e7a90 code [0x0000024b343e7c20, 0x0000024b343e7ce8]
Event: 1500.934 Thread 0x0000024b3fdd9670 16311       3       org.apache.tomcat.util.http.NamesEnumerator::findNext (110 bytes)
Event: 1500.935 Thread 0x0000024b3fdd9670 nmethod 16311 0x0000024b2d3c8110 code [0x0000024b2d3c8320, 0x0000024b2d3c89c0]
Event: 1500.935 Thread 0x0000024b3fdd9670 16312       3       org.springframework.security.web.firewall.StrictHttpFirewall$StrictFirewalledRequest$2::hasMoreElements (10 bytes)
Event: 1500.935 Thread 0x0000024b3fdd9670 nmethod 16312 0x0000024b2d3c8c90 code [0x0000024b2d3c8e40, 0x0000024b2d3c9020]
Event: 1500.936 Thread 0x0000024b3fdd9670 16313       3       org.springframework.util.MimeType::isWildcardSubtype (29 bytes)
Event: 1500.937 Thread 0x0000024b3fdd9670 nmethod 16313 0x0000024b2d3c9110 code [0x0000024b2d3c92e0, 0x0000024b2d3c9608]
Event: 1500.945 Thread 0x0000024b3fdd9670 16314       3       org.springframework.util.LinkedCaseInsensitiveMap$KeySetIterator::next (5 bytes)
Event: 1500.945 Thread 0x0000024b3fdd9670 nmethod 16314 0x0000024b2d3c9790 code [0x0000024b2d3c9960, 0x0000024b2d3c9f70]
Event: 1500.946 Thread 0x0000024b3fdd9670 16315       3       org.apache.catalina.connector.RequestFacade::getDispatcherType (12 bytes)
Event: 1500.946 Thread 0x0000024b3fdd9670 nmethod 16315 0x0000024b2d3ca110 code [0x0000024b2d3ca300, 0x0000024b2d3ca678]
Event: 1500.946 Thread 0x0000024b3fdd9670 16316   !   3       org.apache.catalina.connector.Request::doGetSession (506 bytes)
Event: 1500.949 Thread 0x0000024b3fdd9670 nmethod 16316 0x0000024b2d3ca810 code [0x0000024b2d3cada0, 0x0000024b2d3ce090]
Event: 1500.949 Thread 0x0000024b3fdd9670 16317       3       org.apache.catalina.session.StandardSession::getSession (51 bytes)
Event: 1500.949 Thread 0x0000024b3fdd9670 nmethod 16317 0x0000024b2d3cf310 code [0x0000024b2d3cf4c0, 0x0000024b2d3cf848]

GC Heap History (20 events):
Event: 387.085 GC heap before
{Heap before GC invocations=41 (full 2):
 garbage-first heap   total reserved 2070528K, committed 84992K, used 74238K [0x0000000081a00000, 0x0000000100000000)
  region size 1024K, 40 young (40960K), 4 survivors (4096K)
 Metaspace       used 86804K, committed 87680K, reserved 1179648K
  class space    used 11686K, committed 12096K, reserved 1048576K
}
Event: 387.090 GC heap after
{Heap after GC invocations=42 (full 2):
 garbage-first heap   total reserved 2070528K, committed 84992K, used 40694K [0x0000000081a00000, 0x0000000100000000)
  region size 1024K, 4 young (4096K), 4 survivors (4096K)
 Metaspace       used 86804K, committed 87680K, reserved 1179648K
  class space    used 11686K, committed 12096K, reserved 1048576K
}
Event: 562.247 GC heap before
{Heap before GC invocations=42 (full 2):
 garbage-first heap   total reserved 2070528K, committed 84992K, used 73462K [0x0000000081a00000, 0x0000000100000000)
  region size 1024K, 36 young (36864K), 4 survivors (4096K)
 Metaspace       used 87012K, committed 87936K, reserved 1179648K
  class space    used 11693K, committed 12096K, reserved 1048576K
}
Event: 562.263 GC heap after
{Heap after GC invocations=43 (full 2):
 garbage-first heap   total reserved 2070528K, committed 84992K, used 43061K [0x0000000081a00000, 0x0000000100000000)
  region size 1024K, 3 young (3072K), 3 survivors (3072K)
 Metaspace       used 87012K, committed 87936K, reserved 1179648K
  class space    used 11693K, committed 12096K, reserved 1048576K
}
Event: 1337.654 GC heap before
{Heap before GC invocations=43 (full 2):
 garbage-first heap   total reserved 2070528K, committed 84992K, used 74805K [0x0000000081a00000, 0x0000000100000000)
  region size 1024K, 35 young (35840K), 3 survivors (3072K)
 Metaspace       used 87179K, committed 88064K, reserved 1179648K
  class space    used 11694K, committed 12096K, reserved 1048576K
}
Event: 1337.657 GC heap after
{Heap after GC invocations=44 (full 2):
 garbage-first heap   total reserved 2070528K, committed 84992K, used 42517K [0x0000000081a00000, 0x0000000100000000)
  region size 1024K, 3 young (3072K), 3 survivors (3072K)
 Metaspace       used 87179K, committed 88064K, reserved 1179648K
  class space    used 11694K, committed 12096K, reserved 1048576K
}
Event: 1339.964 GC heap before
{Heap before GC invocations=45 (full 2):
 garbage-first heap   total reserved 2070528K, committed 84992K, used 42517K [0x0000000081a00000, 0x0000000100000000)
  region size 1024K, 4 young (4096K), 3 survivors (3072K)
 Metaspace       used 87202K, committed 88064K, reserved 1179648K
  class space    used 11694K, committed 12096K, reserved 1048576K
}
Event: 1340.031 GC heap after
{Heap after GC invocations=46 (full 3):
 garbage-first heap   total reserved 2070528K, committed 84992K, used 34725K [0x0000000081a00000, 0x0000000100000000)
  region size 1024K, 0 young (0K), 0 survivors (0K)
 Metaspace       used 87202K, committed 88064K, reserved 1179648K
  class space    used 11694K, committed 12096K, reserved 1048576K
}
Event: 1340.829 GC heap before
{Heap before GC invocations=46 (full 3):
 garbage-first heap   total reserved 2070528K, committed 84992K, used 76709K [0x0000000081a00000, 0x0000000100000000)
  region size 1024K, 41 young (41984K), 0 survivors (0K)
 Metaspace       used 87411K, committed 88320K, reserved 1179648K
  class space    used 11713K, committed 12160K, reserved 1048576K
}
Event: 1340.833 GC heap after
{Heap after GC invocations=47 (full 3):
 garbage-first heap   total reserved 2070528K, committed 84992K, used 38740K [0x0000000081a00000, 0x0000000100000000)
  region size 1024K, 4 young (4096K), 4 survivors (4096K)
 Metaspace       used 87411K, committed 88320K, reserved 1179648K
  class space    used 11713K, committed 12160K, reserved 1048576K
}
Event: 1341.896 GC heap before
{Heap before GC invocations=48 (full 3):
 garbage-first heap   total reserved 2070528K, committed 84992K, used 74580K [0x0000000081a00000, 0x0000000100000000)
  region size 1024K, 39 young (39936K), 4 survivors (4096K)
 Metaspace       used 88160K, committed 89088K, reserved 1179648K
  class space    used 11743K, committed 12160K, reserved 1048576K
}
Event: 1341.903 GC heap after
{Heap after GC invocations=49 (full 3):
 garbage-first heap   total reserved 2070528K, committed 84992K, used 41812K [0x0000000081a00000, 0x0000000100000000)
  region size 1024K, 4 young (4096K), 4 survivors (4096K)
 Metaspace       used 88160K, committed 89088K, reserved 1179648K
  class space    used 11743K, committed 12160K, reserved 1048576K
}
Event: 1368.567 GC heap before
{Heap before GC invocations=49 (full 3):
 garbage-first heap   total reserved 2070528K, committed 84992K, used 68436K [0x0000000081a00000, 0x0000000100000000)
  region size 1024K, 31 young (31744K), 4 survivors (4096K)
 Metaspace       used 88308K, committed 89280K, reserved 1179648K
  class space    used 11748K, committed 12224K, reserved 1048576K
}
Event: 1368.630 GC heap after
{Heap after GC invocations=50 (full 4):
 garbage-first heap   total reserved 2070528K, committed 84992K, used 37942K [0x0000000081a00000, 0x0000000100000000)
  region size 1024K, 0 young (0K), 0 survivors (0K)
 Metaspace       used 88308K, committed 89280K, reserved 1179648K
  class space    used 11748K, committed 12224K, reserved 1048576K
}
Event: 1369.395 GC heap before
{Heap before GC invocations=50 (full 4):
 garbage-first heap   total reserved 2070528K, committed 84992K, used 74806K [0x0000000081a00000, 0x0000000100000000)
  region size 1024K, 37 young (37888K), 0 survivors (0K)
 Metaspace       used 88450K, committed 89408K, reserved 1179648K
  class space    used 11765K, committed 12224K, reserved 1048576K
}
Event: 1369.399 GC heap after
{Heap after GC invocations=51 (full 4):
 garbage-first heap   total reserved 2070528K, committed 84992K, used 41843K [0x0000000081a00000, 0x0000000100000000)
  region size 1024K, 4 young (4096K), 4 survivors (4096K)
 Metaspace       used 88450K, committed 89408K, reserved 1179648K
  class space    used 11765K, committed 12224K, reserved 1048576K
}
Event: 1370.104 GC heap before
{Heap before GC invocations=52 (full 4):
 garbage-first heap   total reserved 2070528K, committed 84992K, used 74611K [0x0000000081a00000, 0x0000000100000000)
  region size 1024K, 36 young (36864K), 4 survivors (4096K)
 Metaspace       used 88921K, committed 89856K, reserved 1179648K
  class space    used 11788K, committed 12224K, reserved 1048576K
}
Event: 1370.110 GC heap after
{Heap after GC invocations=53 (full 4):
 garbage-first heap   total reserved 2070528K, committed 84992K, used 44018K [0x0000000081a00000, 0x0000000100000000)
  region size 1024K, 3 young (3072K), 3 survivors (3072K)
 Metaspace       used 88921K, committed 89856K, reserved 1179648K
  class space    used 11788K, committed 12224K, reserved 1048576K
}
Event: 1370.588 GC heap before
{Heap before GC invocations=53 (full 4):
 garbage-first heap   total reserved 2070528K, committed 84992K, used 74738K [0x0000000081a00000, 0x0000000100000000)
  region size 1024K, 33 young (33792K), 3 survivors (3072K)
 Metaspace       used 89215K, committed 90176K, reserved 1179648K
  class space    used 11802K, committed 12224K, reserved 1048576K
}
Event: 1370.596 GC heap after
{Heap after GC invocations=54 (full 4):
 garbage-first heap   total reserved 2070528K, committed 84992K, used 46471K [0x0000000081a00000, 0x0000000100000000)
  region size 1024K, 3 young (3072K), 3 survivors (3072K)
 Metaspace       used 89215K, committed 90176K, reserved 1179648K
  class space    used 11802K, committed 12224K, reserved 1048576K
}

Dll operation events (14 events):
Event: 0.018 Loaded shared library C:\Program Files\Java\jdk-22\bin\java.dll
Event: 0.050 Loaded shared library C:\Program Files\Java\jdk-22\bin\jsvml.dll
Event: 0.198 Loaded shared library C:\Program Files\Java\jdk-22\bin\zip.dll
Event: 0.202 Loaded shared library C:\Program Files\Java\jdk-22\bin\instrument.dll
Event: 0.208 Loaded shared library C:\Program Files\Java\jdk-22\bin\net.dll
Event: 0.209 Loaded shared library C:\Program Files\Java\jdk-22\bin\nio.dll
Event: 0.212 Loaded shared library C:\Program Files\Java\jdk-22\bin\zip.dll
Event: 0.374 Loaded shared library C:\Program Files\Java\jdk-22\bin\jimage.dll
Event: 0.425 Loaded shared library C:\Program Files\Java\jdk-22\bin\verify.dll
Event: 0.845 Loaded shared library C:\Program Files\Java\jdk-22\bin\management.dll
Event: 0.847 Loaded shared library C:\Program Files\Java\jdk-22\bin\management_ext.dll
Event: 1.476 Loaded shared library C:\Program Files\Java\jdk-22\bin\le.dll
Event: 2.200 Loaded shared library C:\Program Files\Java\jdk-22\bin\sunmscapi.dll
Event: 5.786 Loaded shared library C:\Program Files\Java\jdk-22\bin\extnet.dll

Deoptimization events (20 events):
Event: 1500.915 Thread 0x0000024b88c73670 DEOPT PACKING pc=0x0000024b2c84a489 sp=0x00000080347fd040
Event: 1500.915 Thread 0x0000024b88c73670 DEOPT UNPACKING pc=0x0000024b336c4e42 sp=0x00000080347fc518 mode 1
Event: 1500.915 Thread 0x0000024b88c73670 DEOPT PACKING pc=0x0000024b2cbd5e14 sp=0x00000080347fd0d0
Event: 1500.915 Thread 0x0000024b88c73670 DEOPT UNPACKING pc=0x0000024b336c4e42 sp=0x00000080347fc680 mode 1
Event: 1500.916 Thread 0x0000024b88c73670 DEOPT PACKING pc=0x0000024b2c933f1c sp=0x00000080347fd240
Event: 1500.916 Thread 0x0000024b88c73670 DEOPT UNPACKING pc=0x0000024b336c4e42 sp=0x00000080347fc7e0 mode 1
Event: 1500.916 Thread 0x0000024b88c73670 DEOPT PACKING pc=0x0000024b2c84a489 sp=0x00000080347fd040
Event: 1500.916 Thread 0x0000024b88c73670 DEOPT UNPACKING pc=0x0000024b336c4e42 sp=0x00000080347fc518 mode 1
Event: 1500.916 Thread 0x0000024b88c73670 DEOPT PACKING pc=0x0000024b2cbd5e14 sp=0x00000080347fd0d0
Event: 1500.916 Thread 0x0000024b88c73670 DEOPT UNPACKING pc=0x0000024b336c4e42 sp=0x00000080347fc680 mode 1
Event: 1500.916 Thread 0x0000024b88c73670 DEOPT PACKING pc=0x0000024b2c933f1c sp=0x00000080347fd240
Event: 1500.916 Thread 0x0000024b88c73670 DEOPT UNPACKING pc=0x0000024b336c4e42 sp=0x00000080347fc7e0 mode 1
Event: 1500.916 Thread 0x0000024b88c73670 DEOPT PACKING pc=0x0000024b2c84a489 sp=0x00000080347fd040
Event: 1500.916 Thread 0x0000024b88c73670 DEOPT UNPACKING pc=0x0000024b336c4e42 sp=0x00000080347fc518 mode 1
Event: 1500.916 Thread 0x0000024b88c73670 DEOPT PACKING pc=0x0000024b2cbd5e14 sp=0x00000080347fd0d0
Event: 1500.916 Thread 0x0000024b88c73670 DEOPT UNPACKING pc=0x0000024b336c4e42 sp=0x00000080347fc680 mode 1
Event: 1500.916 Thread 0x0000024b88c73670 DEOPT PACKING pc=0x0000024b2c933f1c sp=0x00000080347fd240
Event: 1500.916 Thread 0x0000024b88c73670 DEOPT UNPACKING pc=0x0000024b336c4e42 sp=0x00000080347fc7e0 mode 1
Event: 1518.690 Thread 0x0000024b88c74a20 DEOPT PACKING pc=0x0000024b2d2e7b44 sp=0x00000080348fb910
Event: 1518.690 Thread 0x0000024b88c74a20 DEOPT UNPACKING pc=0x0000024b336c4e42 sp=0x00000080348fadb8 mode 0

Classes loaded (20 events):
Event: 116.059 Loading class java/io/ObjectInputFilter$Config
Event: 116.059 Loading class java/io/ObjectInputFilter$Config done
Event: 116.059 Loading class java/io/ObjectInputFilter
Event: 116.059 Loading class java/io/ObjectInputFilter done
Event: 116.060 Loading class java/io/ObjectInputFilter$Config$BuiltinFilterFactory
Event: 116.060 Loading class java/io/ObjectInputFilter$Config$BuiltinFilterFactory done
Event: 116.060 Loading class jdk/internal/access/JavaObjectInputFilterAccess
Event: 116.060 Loading class jdk/internal/access/JavaObjectInputFilterAccess done
Event: 116.061 Loading class jdk/internal/event/DeserializationEvent
Event: 116.061 Loading class jdk/internal/event/DeserializationEvent done
Event: 116.062 Loading class java/io/ObjectInputStream$FieldValues
Event: 116.062 Loading class java/io/ObjectInputStream$GetField
Event: 116.062 Loading class java/io/ObjectInputStream$GetField done
Event: 116.062 Loading class java/io/ObjectInputStream$FieldValues done
Event: 1397.478 Loading class java/util/Scanner
Event: 1397.479 Loading class java/util/Scanner done
Event: 1397.480 Loading class java/util/Scanner$PatternLRUCache
Event: 1397.481 Loading class java/util/Scanner$PatternLRUCache done
Event: 1397.483 Loading class java/util/regex/Matcher$ImmutableMatchResult
Event: 1397.484 Loading class java/util/regex/Matcher$ImmutableMatchResult done

Classes unloaded (2 events):
Event: 385.319 Thread 0x0000024b3fd9d830 Unloading class 0x0000024b41bbc800 'org/apache/catalina/loader/JdbcLeakPrevention'
Event: 1337.726 Thread 0x0000024b3fd9d830 Unloading class 0x0000024b41bc3c00 'org/apache/catalina/loader/JdbcLeakPrevention'

Classes redefined (15 events):
Event: 113.251 Thread 0x0000024b3fd9d830 redefined class name=com.app.controllers.UserController, count=1
Event: 383.856 Thread 0x0000024b3fd9d830 redefined class name=com.app.controllers.UserController, count=1
Event: 383.856 Thread 0x0000024b3fd9d830 redefined class name=com.app.controllers.UserController, count=2
Event: 1331.658 Thread 0x0000024b3fd9d830 redefined class name=com.app.controllers.UserController, count=2
Event: 1331.658 Thread 0x0000024b3fd9d830 redefined class name=com.app.controllers.UserController, count=1
Event: 1331.658 Thread 0x0000024b3fd9d830 redefined class name=com.app.controllers.UserController, count=3
Event: 1367.658 Thread 0x0000024b3fd9d830 redefined class name=com.app.controllers.UserController, count=3
Event: 1367.658 Thread 0x0000024b3fd9d830 redefined class name=com.app.controllers.UserController, count=1
Event: 1367.658 Thread 0x0000024b3fd9d830 redefined class name=com.app.controllers.UserController, count=2
Event: 1367.658 Thread 0x0000024b3fd9d830 redefined class name=com.app.controllers.UserController, count=4
Event: 1518.728 Thread 0x0000024b3fd9d830 redefined class name=com.app.controllers.UserController, count=1
Event: 1518.728 Thread 0x0000024b3fd9d830 redefined class name=com.app.controllers.UserController, count=4
Event: 1518.728 Thread 0x0000024b3fd9d830 redefined class name=com.app.controllers.UserController, count=2
Event: 1518.728 Thread 0x0000024b3fd9d830 redefined class name=com.app.controllers.UserController, count=3
Event: 1518.728 Thread 0x0000024b3fd9d830 redefined class name=com.app.controllers.UserController, count=5

Internal exceptions (20 events):
Event: 1368.556 Thread 0x0000024b88c76af0 Exception <a 'java/io/IOException'{0x0000000085207de0}> (0x0000000085207de0) 
thrown [s\open\src\hotspot\share\prims\jni.cpp, line 520]
Event: 1368.557 Thread 0x0000024b88c76af0 Exception <a 'java/io/IOException'{0x000000008520b0f8}> (0x000000008520b0f8) 
thrown [s\open\src\hotspot\share\prims\jni.cpp, line 520]
Event: 1368.566 Thread 0x0000024b89dc0960 Exception <a 'java/lang/InterruptedException'{0x000000008524f6e0}: sleep interrupted> (0x000000008524f6e0) 
thrown [s\open\src\hotspot\share\prims\jvm.cpp, line 3093]
Event: 1368.756 Thread 0x0000024b88c77ea0 Exception <a 'sun/nio/fs/WindowsException'{0x0000000086c87ec0}> (0x0000000086c87ec0) 
thrown [s\open\src\hotspot\share\prims\jni.cpp, line 520]
Event: 1369.309 Thread 0x0000024b88c77ea0 Exception <a 'java/lang/NoClassDefFoundError'{0x0000000084f5b830}: org/flywaydb/core/Flyway> (0x0000000084f5b830) 
thrown [s\open\src\hotspot\share\oops\constantPool.cpp, line 872]
Event: 1369.310 Thread 0x0000024b88c77ea0 Exception <a 'java/lang/NoClassDefFoundError'{0x0000000084f5be90}: liquibase/integration/spring/SpringLiquibase> (0x0000000084f5be90) 
thrown [s\open\src\hotspot\share\oops\constantPool.cpp, line 872]
Event: 1369.316 Thread 0x0000024b88c77ea0 Exception <a 'java/lang/NoClassDefFoundError'{0x0000000084fca760}: org/jooq/DSLContext> (0x0000000084fca760) 
thrown [s\open\src\hotspot\share\oops\constantPool.cpp, line 872]
Event: 1369.318 Thread 0x0000024b88c77ea0 Exception <a 'java/lang/NoClassDefFoundError'{0x0000000084fd5b50}: org/springframework/batch/core/repository/JobRepository> (0x0000000084fd5b50) 
thrown [s\open\src\hotspot\share\oops\constantPool.cpp, line 872]
Event: 1369.318 Thread 0x0000024b88c77ea0 Exception <a 'java/lang/NoClassDefFoundError'{0x0000000084fd61a8}: org/quartz/Scheduler> (0x0000000084fd61a8) 
thrown [s\open\src\hotspot\share\oops\constantPool.cpp, line 872]
Event: 1369.319 Thread 0x0000024b88c77ea0 Exception <a 'java/lang/NoClassDefFoundError'{0x0000000084fd6828}: org/springframework/session/jdbc/JdbcIndexedSessionRepository> (0x0000000084fd6828) 
thrown [s\open\src\hotspot\share\oops\constantPool.cpp, line 872]
Event: 1369.388 Thread 0x0000024b88c77ea0 Exception <a 'java/io/FileNotFoundException'{0x0000000084869890}> (0x0000000084869890) 
thrown [s\open\src\hotspot\share\prims\jni.cpp, line 520]
Event: 1369.599 Thread 0x0000024b88c77ea0 Implicit null exception at 0x0000024b3431bb55 to 0x0000024b3431c1d8
Event: 1369.680 Thread 0x0000024b88c77ea0 Implicit null exception at 0x0000024b33cfcd55 to 0x0000024b33cfd3d8
Event: 1369.698 Thread 0x0000024b88c77ea0 Implicit null exception at 0x0000024b33c2e8d5 to 0x0000024b33c2ef58
Event: 1369.712 Thread 0x0000024b88c77ea0 Implicit null exception at 0x0000024b34266dd5 to 0x0000024b34267458
Event: 1369.726 Thread 0x0000024b88c77ea0 Implicit null exception at 0x0000024b340d3a55 to 0x0000024b340d40d8
Event: 1370.023 Thread 0x0000024b88c77ea0 Exception <a 'java/io/FileNotFoundException'{0x00000000853a9220}> (0x00000000853a9220) 
thrown [s\open\src\hotspot\share\prims\jni.cpp, line 520]
Event: 1370.024 Thread 0x0000024b88c77ea0 Exception <a 'java/io/FileNotFoundException'{0x00000000853b31b0}> (0x00000000853b31b0) 
thrown [s\open\src\hotspot\share\prims\jni.cpp, line 520]
Event: 1380.497 Thread 0x0000024b88c77180 Implicit null exception at 0x0000024b33fa1f7f to 0x0000024b33fa220c
Event: 1500.902 Thread 0x0000024b88c73670 Exception <a 'java/lang/NullPointerException'{0x0000000086b25860}> (0x0000000086b25860) 
thrown [s\open\src\hotspot\share\interpreter\linkResolver.cpp, line 1374]

ZGC Phase Switch (0 events):
No events

VM Operations (20 events):
Event: 1519.081 Executing VM operation: ChangeBreakpoints
Event: 1519.084 Executing VM operation: ChangeBreakpoints done
Event: 1519.086 Executing VM operation: ChangeBreakpoints
Event: 1519.089 Executing VM operation: ChangeBreakpoints done
Event: 1519.091 Executing VM operation: ChangeBreakpoints
Event: 1519.094 Executing VM operation: ChangeBreakpoints done
Event: 1519.096 Executing VM operation: ChangeBreakpoints
Event: 1519.100 Executing VM operation: ChangeBreakpoints done
Event: 1519.120 Executing VM operation: ChangeBreakpoints
Event: 1519.124 Executing VM operation: ChangeBreakpoints done
Event: 1519.125 Executing VM operation: ChangeBreakpoints
Event: 1519.129 Executing VM operation: ChangeBreakpoints done
Event: 1519.130 Executing VM operation: ChangeBreakpoints
Event: 1519.134 Executing VM operation: ChangeBreakpoints done
Event: 1519.135 Executing VM operation: ChangeBreakpoints
Event: 1519.139 Executing VM operation: ChangeBreakpoints done
Event: 1519.140 Executing VM operation: ChangeBreakpoints
Event: 1519.144 Executing VM operation: ChangeBreakpoints done
Event: 1519.147 Executing VM operation: ChangeSingleStep
Event: 1519.147 Executing VM operation: ChangeSingleStep done

Memory protections (0 events):
No events

Nmethod flushes (20 events):
Event: 1369.499 Thread 0x0000024b3fd9d830 flushing  nmethod 0x0000024b2cb89810
Event: 1369.499 Thread 0x0000024b3fd9d830 flushing  nmethod 0x0000024b2cbbf910
Event: 1369.499 Thread 0x0000024b3fd9d830 flushing  nmethod 0x0000024b2cc03210
Event: 1369.499 Thread 0x0000024b3fd9d830 flushing  nmethod 0x0000024b2cc03c90
Event: 1369.499 Thread 0x0000024b3fd9d830 flushing  nmethod 0x0000024b2cc09390
Event: 1369.499 Thread 0x0000024b3fd9d830 flushing  nmethod 0x0000024b2cc0a310
Event: 1369.499 Thread 0x0000024b3fd9d830 flushing  nmethod 0x0000024b2cc0a710
Event: 1369.499 Thread 0x0000024b3fd9d830 flushing  nmethod 0x0000024b2cc0cb90
Event: 1369.499 Thread 0x0000024b3fd9d830 flushing  nmethod 0x0000024b2cc0d590
Event: 1369.499 Thread 0x0000024b3fd9d830 flushing  nmethod 0x0000024b2ccce510
Event: 1369.499 Thread 0x0000024b3fd9d830 flushing  nmethod 0x0000024b2cd03c90
Event: 1369.499 Thread 0x0000024b3fd9d830 flushing  nmethod 0x0000024b2cd06a90
Event: 1369.499 Thread 0x0000024b3fd9d830 flushing  nmethod 0x0000024b2cd4cf10
Event: 1369.499 Thread 0x0000024b3fd9d830 flushing  nmethod 0x0000024b2cdee390
Event: 1369.499 Thread 0x0000024b3fd9d830 flushing  nmethod 0x0000024b2ce35e90
Event: 1369.499 Thread 0x0000024b3fd9d830 flushing  nmethod 0x0000024b2ce84290
Event: 1369.499 Thread 0x0000024b3fd9d830 flushing  nmethod 0x0000024b2ceab110
Event: 1369.499 Thread 0x0000024b3fd9d830 flushing  nmethod 0x0000024b2cf16110
Event: 1369.499 Thread 0x0000024b3fd9d830 flushing  nmethod 0x0000024b2cfe4510
Event: 1369.499 Thread 0x0000024b3fd9d830 flushing  nmethod 0x0000024b2d029390

Events (20 events):
Event: 1370.588 Thread 0x0000024b88c77ea0 Thread added: 0x0000024b88c73d00
Event: 1370.588 Thread 0x0000024b88c77ea0 Thread added: 0x0000024b88c78bc0
Event: 1370.588 Thread 0x0000024b88c77ea0 Thread added: 0x0000024b88c72fe0
Event: 1370.596 Thread 0x0000024b88c77ea0 Thread added: 0x0000024b88c79f70
Event: 1370.597 Thread 0x0000024b88c77ea0 Thread added: 0x0000024b88c77810
Event: 1370.598 Thread 0x0000024b88c77ea0 Thread added: 0x0000024b88c79250
Event: 1370.601 Thread 0x0000024b88c77ea0 Thread added: 0x0000024b88c7a600
Event: 1370.602 Thread 0x0000024b88c77ea0 Thread added: 0x0000024b88c73670
Event: 1370.602 Thread 0x0000024b88c77ea0 Thread added: 0x0000024b88c74a20
Event: 1370.608 Thread 0x0000024b88c77ea0 Thread added: 0x0000024b89dbfc40
Event: 1370.608 Thread 0x0000024b88c77ea0 Thread added: 0x0000024b89dbb410
Event: 1370.614 Thread 0x0000024b88c77ea0 Thread exited: 0x0000024b88c77ea0
Event: 1370.614 Thread 0x0000024b88c750b0 Thread exited: 0x0000024b88c750b0
Event: 1375.282 Thread 0x0000024b88c76af0 Thread exited: 0x0000024b88c76af0
Event: 1375.656 Thread 0x0000024b8a4a0ff0 Thread exited: 0x0000024b8a4a0ff0
Event: 1397.485 Thread 0x0000024b3fdd9670 Thread added: 0x0000024b8a49e710
Event: 1397.497 Thread 0x0000024b3fdd23c0 Thread exited: 0x0000024b3fdd23c0
Event: 1405.632 Thread 0x0000024b8a49e710 Thread exited: 0x0000024b8a49e710
Event: 1477.326 Thread 0x0000024b3fdd9670 Thread added: 0x0000024b8a4a0250
Event: 1482.443 Thread 0x0000024b8a4a0250 Thread exited: 0x0000024b8a4a0250


Dynamic libraries:
0x00007ff6dc300000 - 0x00007ff6dc310000 	C:\Program Files\Java\jdk-22\bin\javaw.exe
0x00007ff816450000 - 0x00007ff816648000 	C:\Windows\SYSTEM32\ntdll.dll
0x00007ff815220000 - 0x00007ff8152e1000 	C:\Windows\System32\KERNEL32.DLL
0x00007ff8140c0000 - 0x00007ff8143b6000 	C:\Windows\System32\KERNELBASE.dll
0x00007ff813b00000 - 0x00007ff813c00000 	C:\Windows\System32\ucrtbase.dll
0x00007ff810440000 - 0x00007ff81045b000 	C:\Program Files\Java\jdk-22\bin\VCRUNTIME140.dll
0x00007ff810420000 - 0x00007ff810437000 	C:\Program Files\Java\jdk-22\bin\jli.dll
0x00007ff814960000 - 0x00007ff814aff000 	C:\Windows\System32\USER32.dll
0x00007ff814090000 - 0x00007ff8140b2000 	C:\Windows\System32\win32u.dll
0x00007ff814520000 - 0x00007ff81454b000 	C:\Windows\System32\GDI32.dll
0x00007ffff9530000 - 0x00007ffff97ca000 	C:\Windows\WinSxS\amd64_microsoft.windows.common-controls_6595b64144ccf1df_6.0.19041.4355_none_60b8b9eb71f62e16\COMCTL32.dll
0x00007ff813e60000 - 0x00007ff813f77000 	C:\Windows\System32\gdi32full.dll
0x00007ff813f80000 - 0x00007ff81401d000 	C:\Windows\System32\msvcp_win.dll
0x00007ff814480000 - 0x00007ff81451e000 	C:\Windows\System32\msvcrt.dll
0x00007ff815350000 - 0x00007ff81537f000 	C:\Windows\System32\IMM32.DLL
0x00007ff805e60000 - 0x00007ff805e6c000 	C:\Program Files\Java\jdk-22\bin\vcruntime140_1.dll
0x00007ffff4840000 - 0x00007ffff48ce000 	C:\Program Files\Java\jdk-22\bin\msvcp140.dll
0x00007fffe0e40000 - 0x00007fffe1b89000 	C:\Program Files\Java\jdk-22\bin\server\jvm.dll
0x00007ff8145d0000 - 0x00007ff814680000 	C:\Windows\System32\ADVAPI32.dll
0x00007ff815f80000 - 0x00007ff816020000 	C:\Windows\System32\sechost.dll
0x00007ff814cb0000 - 0x00007ff814dd3000 	C:\Windows\System32\RPCRT4.dll
0x00007ff8143c0000 - 0x00007ff8143e7000 	C:\Windows\System32\bcrypt.dll
0x00007ff814de0000 - 0x00007ff814e4b000 	C:\Windows\System32\WS2_32.dll
0x00007ff813950000 - 0x00007ff81399b000 	C:\Windows\SYSTEM32\POWRPROF.dll
0x00007ff8087a0000 - 0x00007ff8087c7000 	C:\Windows\SYSTEM32\WINMM.dll
0x00007ff80e4d0000 - 0x00007ff80e4da000 	C:\Windows\SYSTEM32\VERSION.dll
0x00007ff813930000 - 0x00007ff813942000 	C:\Windows\SYSTEM32\UMPDC.dll
0x00007ff8116a0000 - 0x00007ff8116b2000 	C:\Windows\SYSTEM32\kernel.appcore.dll
0x00007ff804b30000 - 0x00007ff804b3a000 	C:\Program Files\Java\jdk-22\bin\jimage.dll
0x00007ff80c060000 - 0x00007ff80c244000 	C:\Windows\SYSTEM32\DBGHELP.DLL
0x00007ff80bfd0000 - 0x00007ff80c004000 	C:\Windows\SYSTEM32\dbgcore.DLL
0x00007ff8143f0000 - 0x00007ff814472000 	C:\Windows\System32\bcryptPrimitives.dll
0x00007ff800370000 - 0x00007ff8003ac000 	C:\Program Files\Java\jdk-22\bin\jdwp.dll
0x00007ff8041c0000 - 0x00007ff8041cf000 	C:\Program Files\Java\jdk-22\bin\instrument.dll
0x00007ff802600000 - 0x00007ff80261e000 	C:\Program Files\Java\jdk-22\bin\java.dll
0x00007ff815380000 - 0x00007ff815aec000 	C:\Windows\System32\SHELL32.dll
0x00007ff814710000 - 0x00007ff81483b000 	C:\Windows\System32\ole32.dll
0x00007ff814e60000 - 0x00007ff8151b3000 	C:\Windows\System32\combase.dll
0x00007ff811980000 - 0x00007ff81211e000 	C:\Windows\SYSTEM32\windows.storage.dll
0x00007ff813450000 - 0x00007ff81347e000 	C:\Windows\SYSTEM32\Wldp.dll
0x00007ff816100000 - 0x00007ff8161cd000 	C:\Windows\System32\OLEAUT32.dll
0x00007ff814840000 - 0x00007ff8148ed000 	C:\Windows\System32\SHCORE.dll
0x00007ff8152f0000 - 0x00007ff815345000 	C:\Windows\System32\shlwapi.dll
0x00007ff813a30000 - 0x00007ff813a54000 	C:\Windows\SYSTEM32\profapi.dll
0x00007ffff4730000 - 0x00007ffff4807000 	C:\Program Files\Java\jdk-22\bin\jsvml.dll
0x00007ff8025f0000 - 0x00007ff8025fc000 	C:\Program Files\Java\jdk-22\bin\dt_socket.dll
0x00007ff812e90000 - 0x00007ff812ecb000 	C:\Windows\SYSTEM32\IPHLPAPI.DLL
0x00007ff8131b0000 - 0x00007ff81321a000 	C:\Windows\system32\mswsock.dll
0x00007ff812ed0000 - 0x00007ff812f9a000 	C:\Windows\SYSTEM32\DNSAPI.dll
0x00007ff8163a0000 - 0x00007ff8163a8000 	C:\Windows\System32\NSI.dll
0x00007ff80e390000 - 0x00007ff80e39a000 	C:\Windows\System32\rasadhlp.dll
0x00007ff810b40000 - 0x00007ff810bc0000 	C:\Windows\System32\fwpuclnt.dll
0x00007ff802310000 - 0x00007ff802327000 	C:\Program Files\Java\jdk-22\bin\zip.dll
0x00007ff8022c0000 - 0x00007ff8022d0000 	C:\Program Files\Java\jdk-22\bin\net.dll
0x00007ffffb3a0000 - 0x00007ffffb3b6000 	C:\Program Files\Java\jdk-22\bin\nio.dll
0x00007ff801e70000 - 0x00007ff801e80000 	C:\Program Files\Java\jdk-22\bin\verify.dll
0x00007ff801380000 - 0x00007ff80138a000 	C:\Program Files\Java\jdk-22\bin\management.dll
0x00007ff801230000 - 0x00007ff80123b000 	C:\Program Files\Java\jdk-22\bin\management_ext.dll
0x00007ff8148f0000 - 0x00007ff8148f8000 	C:\Windows\System32\PSAPI.DLL
0x00007ff8010a0000 - 0x00007ff8010ab000 	C:\Program Files\Java\jdk-22\bin\le.dll
0x00007ff800df0000 - 0x00007ff800dfe000 	C:\Program Files\Java\jdk-22\bin\sunmscapi.dll
0x00007ff813cb0000 - 0x00007ff813e0e000 	C:\Windows\System32\CRYPT32.dll
0x00007ff8134c0000 - 0x00007ff8134e9000 	C:\Windows\SYSTEM32\ncrypt.dll
0x00007ff813480000 - 0x00007ff8134bb000 	C:\Windows\SYSTEM32\NTASN1.dll
0x00007ff8133a0000 - 0x00007ff8133b8000 	C:\Windows\SYSTEM32\CRYPTSP.dll
0x00007ff812ad0000 - 0x00007ff812b04000 	C:\Windows\system32\rsaenh.dll
0x00007ff8139e0000 - 0x00007ff813a0e000 	C:\Windows\SYSTEM32\USERENV.dll
0x00007ff8133c0000 - 0x00007ff8133cc000 	C:\Windows\SYSTEM32\CRYPTBASE.dll
0x00007ff800b60000 - 0x00007ff800b69000 	C:\Program Files\Java\jdk-22\bin\extnet.dll
0x00007ff8104c0000 - 0x00007ff8104c7000 	C:\Windows\system32\wshunix.dll

dbghelp: loaded successfully - version: 4.0.5 - missing functions: none
symbol engine: initialized successfully - sym options: 0x614 - pdb path: .;C:\Program Files\Java\jdk-22\bin;C:\Windows\SYSTEM32;C:\Windows\WinSxS\amd64_microsoft.windows.common-controls_6595b64144ccf1df_6.0.19041.4355_none_60b8b9eb71f62e16;C:\Program Files\Java\jdk-22\bin\server

VM Arguments:
jvm_args: -XX:+ShowCodeDetailsInExceptionMessages -agentlib:jdwp=transport=dt_socket,suspend=y,address=localhost:58900 -javaagent:C:\Users\Group020\Desktop\Gk\eclipse\configuration\org.eclipse.osgi\448\0\.cp\lib\javaagent-shaded.jar -Dfile.encoding=UTF-8 -Dstdout.encoding=UTF-8 -Dstderr.encoding=UTF-8 
java_command: com.app.Manager2Application
java_class_path (initial): C:\Users\Group020\Desktop\Gk\FinanceProject2\BackEnd\manager2\target\classes;C:\Users\Group020\.m2\repository\org\springframework\boot\spring-boot-starter-data-jpa\3.3.2\spring-boot-starter-data-jpa-3.3.2.jar;C:\Users\Group020\.m2\repository\org\springframework\boot\spring-boot-starter-aop\3.3.2\spring-boot-starter-aop-3.3.2.jar;C:\Users\Group020\.m2\repository\org\aspectj\aspectjweaver\1.9.22.1\aspectjweaver-1.9.22.1.jar;C:\Users\Group020\.m2\repository\org\hibernate\orm\hibernate-core\6.5.2.Final\hibernate-core-6.5.2.Final.jar;C:\Users\Group020\.m2\repository\jakarta\persistence\jakarta.persistence-api\3.1.0\jakarta.persistence-api-3.1.0.jar;C:\Users\Group020\.m2\repository\jakarta\transaction\jakarta.transaction-api\2.0.1\jakarta.transaction-api-2.0.1.jar;C:\Users\Group020\.m2\repository\org\jboss\logging\jboss-logging\3.5.3.Final\jboss-logging-3.5.3.Final.jar;C:\Users\Group020\.m2\repository\org\hibernate\common\hibernate-commons-annotations\6.0.6.Final\hibernate-commons-annotations-6.0.6.Final.jar;C:\Users\Group020\.m2\repository\io\smallrye\jandex\3.1.2\jandex-3.1.2.jar;C:\Users\Group020\.m2\repository\com\fasterxml\classmate\1.7.0\classmate-1.7.0.jar;C:\Users\Group020\.m2\repository\net\bytebuddy\byte-buddy\1.14.18\byte-buddy-1.14.18.jar;C:\Users\Group020\.m2\repository\org\glassfish\jaxb\jaxb-runtime\4.0.5\jaxb-runtime-4.0.5.jar;C:\Users\Group020\.m2\repository\org\glassfish\jaxb\jaxb-core\4.0.5\jaxb-core-4.0.5.jar;C:\Users\Group020\.m2\repository\org\glassfish\jaxb\txw2\4.0.5\txw2-4.0.5.jar;C:\Users\Group020\.m2\repository\com\sun\istack\istack-commons-runtime\4.1.2\istack-commons-runtime-4.1.2.jar;C:\Users\Group020\.m2\repository\jakarta\inject\jakarta.inject-api\2.0.1\jakarta.inject-api-2.0.1.jar;C:\Users\Group020\.m2\repository\org\antlr\antlr4-runtime\4.13.0\antlr4-runtime-4.13.0.jar;C:\Users\Group020\.m2\repository\org\springframework\data\spring-data-jpa\3.3.2\spring-data-jpa-3.3.2.jar;C:\Users\Group020\.m2\repository\org\springframework\data\spring-data-commons\3.3.2\spring-data-commons-3.3.2.jar;C:\Users\Group020\.m2\repository\org\springframework\spring-orm\6.1.11\spring-orm-6.1.11.jar;C:\Users\Group020\.m2\repository\org\springframework\spring-context\6.1.11\spring-context-6.1.11.jar;C:\Users\Group020\.m2\repository\org\springframework\spring-tx\6.1.11\spring-tx-6.1.11.jar;C:\Users\Group020\.m2\repository\org\springframework\spring-beans\6.1.11\spring-beans-6.1.11.jar;C:\Users\Group020\.m2\repository\org\springframework\spring-aspects\6.1.11\spring-aspects-6.1.11.jar;C:\Users\Group020\.m2\repository\org\springframework\boot\spring-boot-starter-data-rest\3.3.2\spring-boot-starter-data-rest-3.3.2.jar;C:\Users\Group020\.m2\repository\org\springframework\data\spring-data-rest-webmvc\4.3.2\spring-data-rest-webmvc-4.3.2.jar;C:\Users\Group020\.m2\repository\org\springframework\data\spring-data-rest-core\4.3.2\spring-data-rest-core-4.3.2.jar;C:\Users\Group020\.m2\repository\org\springframework\hateoas\spring-hateoas\2.3.1\spring-hateoas-2.3.1.jar;C:\Users\Group020\.m2\repository\org\springframework\plugin\spring-plugin-core\3.0.0\spring-plugin-core-3.0.0.jar;C:\Users\Group020\.m2\repository\org\atteo\evo-inflector\1.3\evo-inflector-1.3.jar;C:\Users\Group020\.m2\repository\com\fasterxml\jackson\core\jackson-databind\2.17.2\jackson-databind-2.17.2.jar;C:\Users\Group020\.m2\repository\com\fasterxml\jackson\core\jackson-core\2.17.2\jackson-core-2.17.2.jar;C:\Users\Group020\.m2\repository\com\fasterxml\jackson\core\jackson-annotations\2.17.2\jackson-annotations-2.17.2.jar;C:\Users\Group020\.m2\repository\org\springframework\boot\spring-boot-starter-jdbc\3.3.2\spring-boot-starter-jdbc-3.3.2.jar;C:\Users\Group020\.m2\repository\org\springframework\boot\spring-boot-starter\3.3.2\spring-boot-starter-3.3.2.jar;C:\Users\Group020\.m2\repository\org\springframework\boot\spring-boot-starter-logging\3.3.2\spring-boot-starter-logging-3.3.2.jar;C:\Users\Group020\.m2\repository\ch\qos\logback\logback-classic\1.5.6\logback-classic-1.5.6.jar;C:\Users\Group020\.m2\repository\ch\qos\logback\logback-core\1.5.6\logback-core-1.5.6.jar;C:\Users\Group020\.m2\repository\org\apache\logging\log4j\log4j-to-slf4j\2.23.1\log4j-to-slf4j-2.23.1.jar;C:\Users\Group020\.m2\repository\org\apache\logging\log4j\log4j-api\2.23.1\log4j-api-2.23.1.jar;C:\Users\Group020\.m2\repository\org\slf4j\jul-to-slf4j\2.0.13\jul-to-slf4j-2.0.13.jar;C:\Users\Group020\.m2\repository\org\yaml\snakeyaml\2.2\snakeyaml-2.2.jar;C:\Users\Group020\.m2\repository\com\zaxxer\HikariCP\5.1.0\HikariCP-5.1.0.jar;C:\Users\Group020\.m2\repository\org\springframework\spring-jdbc\6.1.11\spring-jdbc-6.1.11.jar;C:\Users\Group020\.m2\repository\org\springframework\boot\spring-boot-starter-mail\3.3.2\spring-boot-starter-mail-3.3.2.jar;C:\Users\Group020\.m2\repository\org\springframework\spring-context-support\6.1.11\spring-context-support-6.1.11.jar;C:\Users\Group020\.m2\repository\org\eclipse\angus\jakarta.mail\2.0.3\jakarta.mail-2.0.3.jar;C:\Users\Group020\.m2\repository\jakarta\activation\jakarta.activation-api\2.1.3\jakarta.activation-api-2.1.3.jar;C:\Users\Group020\.m2\repository\org\eclipse\angus\angus-activation\2.0.2\angus-activation-2.0.2.jar;C:\Users\Group020\.m2\repository\org\springframework\boot\spring-boot-starter-security\3.3.2\spring-boot-starter-security-3.3.2.jar;C:\Users\Group020\.m2\repository\org\springframework\spring-aop\6.1.11\spring-aop-6.1.11.jar;C:\Users\Group020\.m2\repository\org\springframework\security\spring-security-config\6.3.1\spring-security-config-6.3.1.jar;C:\Users\Group020\.m2\repository\org\springframework\security\spring-security-web\6.3.1\spring-security-web-6.3.1.jar;C:\Users\Group020\.m2\repository\org\springframework\spring-expression\6.1.11\spring-expression-6.1.11.jar;C:\Users\Group020\.m2\repository\org\springframework\boot\spring-boot-starter-web\3.3.2\spring-boot-starter-web-3.3.2.jar;C:\Users\Group020\.m2\repository\org\springframework\boot\spring-boot-starter-json\3.3.2\spring-boot-starter-json-3.3.2.jar;C:\Users\Group020\.m2\repository\com\fasterxml\jackson\datatype\jackson-datatype-jdk8\2.17.2\jackson-datatype-jdk8-2.17.2.jar;C:\Users\Group020\.m2\repository\com\fasterxml\jackson\datatype\jackson-datatype-jsr310\2.17.2\jackson-datatype-jsr310-2.17.2.jar;C:\Users\Group020\.m2\repository\com\fasterxml\jackson\module\jackson-module-parameter-names\2.17.2\jackson-module-parameter-names-2.17.2.jar;C:\Users\Group020\.m2\repository\org\springframework\spring-web\6.1.11\spring-web-6.1.11.jar;C:\Users\Group020\.m2\repository\io\micrometer\micrometer-observation\1.13.2\micrometer-observation-1.13.2.jar;C:\Users\Group020\.m2\repository\io\micrometer\micrometer-commons\1.13.2\micrometer-commons-1.13.2.jar;C:\Users\Group020\.m2\repository\org\springframework\spring-webmvc\6.1.11\spring-webmvc-6.1.11.jar;C:\Users\Group020\.m2\repository\org\springframework\data\spring-data-rest-hal-explorer\4.3.2\spring-data-rest-hal-explorer-4.3.2.jar;C:\Users\Group020\.m2\repository\org\slf4j\slf4j-api\2.0.13\slf4j-api-2.0.13.jar;C:\Users\Group020\.m2\repository\org\springframework\boot\spring-boot-devtools\3.3.2\spring-boot-devtools-3.3.2.jar;C:\Users\Group020\.m2\repository\org\springframework\boot\spring-boot\3.3.2\spring-boot-3.3.2.jar;C:\Users\Group020\.m2\repository\org\springframework\boot\spring-boot-autoconfigure\3.3.2\spring-boot-autoconfigure-3.3.2.jar;C:\Users\Group020\.m2\repository\com\mysql\mysql-connector-j\8.3.0\mysql-connector-j-8.3.0.jar;C:\Users\Group020\.m2\repository\org\springframework\boot\spring-boot-starter-tomcat\3.3.2\spring-boot-starter-tomcat-3.3.2.jar;C:\Users\Group020\.m2\repository\jakarta\annotation\jakarta.annotation-api\2.1.1\jakarta.annotation-api-2.1.1.jar;C:\Users\Group020\.m2\repository\org\apache\tomcat\embed\tomcat-embed-core\10.1.26\tomcat-embed-core-10.1.26.jar;C:\Users\Group020\.m2\repository\org\apache\tomcat\embed\tomcat-embed-el\10.1.26\tomcat-embed-el-10.1.26.jar;C:\Users\Group020\.m2\repository\org\apache\tomcat\embed\tomcat-embed-websocket\10.1.26\tomcat-embed-websocket-10.1.26.jar;C:\Users\Group020\.m2\repository\com\jayway\jsonpath\json-path\2.9.0\json-path-2.9.0.jar;C:\Users\Group020\.m2\repository\jakarta\xml\bind\jakarta.xml.bind-api\4.0.2\jakarta.xml.bind-api-4.0.2.jar;C:\Users\Group020\.m2\repository\net\minidev\json-smart\2.5.1\json-smart-2.5.1.jar;C:\Users\Group020\.m2\repository\net\minidev\accessors-smart\2.5.1\accessors-smart-2.5.1.jar;C:\Users\Group020\.m2\repository\org\ow2\asm\asm\9.6\asm-9.6.jar;C:\Users\Group020\.m2\repository\org\springframework\spring-core\6.1.11\spring-core-6.1.11.jar;C:\Users\Group020\.m2\repository\org\springframework\spring-jcl\6.1.11\spring-jcl-6.1.11.jar;C:\Users\Group020\.m2\repository\org\springframework\security\spring-security-core\6.3.1\spring-security-core-6.3.1.jar;C:\Users\Group020\.m2\repository\org\springframework\security\spring-security-crypto\6.3.1\spring-security-crypto-6.3.1.jar
Launcher Type: SUN_STANDARD

[Global flags]
     intx CICompilerCount                          = 3                                         {product} {ergonomic}
     uint ConcGCThreads                            = 1                                         {product} {ergonomic}
     uint G1ConcRefinementThreads                  = 4                                         {product} {ergonomic}
   size_t G1HeapRegionSize                         = 1048576                                   {product} {ergonomic}
   size_t InitialHeapSize                          = 134217728                                 {product} {ergonomic}
   size_t MarkStackSize                            = 4194304                                   {product} {ergonomic}
   size_t MaxHeapSize                              = 2120220672                                {product} {ergonomic}
   size_t MaxNewSize                               = 1271922688                                {product} {ergonomic}
   size_t MinHeapDeltaBytes                        = 1048576                                   {product} {ergonomic}
   size_t MinHeapSize                              = 8388608                                   {product} {ergonomic}
    uintx NonNMethodCodeHeapSize                   = 5832780                                {pd product} {ergonomic}
    uintx NonProfiledCodeHeapSize                  = 122912730                              {pd product} {ergonomic}
    uintx ProfiledCodeHeapSize                     = 122912730                              {pd product} {ergonomic}
    uintx ReservedCodeCacheSize                    = 251658240                              {pd product} {ergonomic}
     bool SegmentedCodeCache                       = true                                      {product} {ergonomic}
     bool ShowCodeDetailsInExceptionMessages       = true                                   {manageable} {command line}
   size_t SoftMaxHeapSize                          = 2120220672                             {manageable} {ergonomic}
     bool UseCompressedOops                        = true                           {product lp64_product} {ergonomic}
     bool UseG1GC                                  = true                                      {product} {ergonomic}
     bool UseLargePagesIndividualAllocation        = false                                  {pd product} {ergonomic}

Logging:
Log output configuration:
 #0: stdout all=warning uptime,level,tags foldmultilines=false
 #1: stderr all=off uptime,level,tags foldmultilines=false

Environment Variables:
PATH=C:/Users/Group020/Desktop/Gk/eclipse//plugins/org.eclipse.justj.openjdk.hotspot.jre.full.win32.x86_64_21.0.3.v20240426-1530/jre/bin/server;C:/Users/Group020/Desktop/Gk/eclipse//plugins/org.eclipse.justj.openjdk.hotspot.jre.full.win32.x86_64_21.0.3.v20240426-1530/jre/bin;C:\Program Files\Common Files\Oracle\Java\javapath;C:\Windows\system32;C:\Windows;C:\Windows\System32\Wbem;C:\Windows\System32\WindowsPowerShell\v1.0\;C:\Windows\System32\OpenSSH\;C:\Program Files\PuTTY\;C:\Program Files\CodeBlocks\MinGW\bin;C:\Program Files\MySQL\MySQL Workbench 8.0 CE\;C:\Program Files\MongoDB\Server\7.0\bin;C:\Program Files\Notepad++;C:\MinGW\bin;C:\Program Files\Git\cmd;C:\Program Files\nodejs\;C:\Program Files\Microsoft SQL Server\130\Tools\Binn\;C:\Program Files\Microsoft SQL Server\Client SDK\ODBC\170\Tools\Binn\;C:\Program Files\Microsoft SQL Server\150\Tools\Binn\;C:\Program Files\dotnet\;C:\Program Files\Java\jdk-22\bin;C:\Users\Group020\AppData\Local\Microsoft\WindowsApps;C:\Users\Group020\AppData\Local\Programs\mongosh\;C:\Users\Group020\AppData\Local\Programs\Microsoft VS Code\bin;C:\Users\Group020\AppData\Roaming\npm;C:\Users\Group020\Desktop\Gk\eclipse;
USERNAME=group020
OS=Windows_NT
PROCESSOR_IDENTIFIER=Intel64 Family 6 Model 60 Stepping 3, GenuineIntel
TMP=C:\Users\Group020\AppData\Local\Temp
TEMP=C:\Users\Group020\AppData\Local\Temp




Periodic native trim disabled

---------------  S Y S T E M  ---------------

OS:
 Windows 10 , 64 bit Build 19041 (10.0.19041.4597)
OS uptime: 30 days 18:11 hours

CPU: total 4 (initial active 4) (4 cores per cpu, 1 threads per core) family 6 model 60 stepping 3 microcode 0x27, cx8, cmov, fxsr, mmx, sse, sse2, sse3, ssse3, sse4.1, sse4.2, popcnt, lzcnt, tsc, tscinvbit, avx, avx2, aes, erms, clmul, bmi1, bmi2, fma, vzeroupper, clflush, rdtscp, f16c
Processor Information for all 4 processors :
  Max Mhz: 2301, Current Mhz: 2301, Mhz Limit: 2301

Memory: 4k page, system-wide physical 8082M (1667M free)
TotalPageFile size 12379M (AvailPageFile size 2568M)
current process WorkingSet (physical memory assigned to process): 312M, peak: 365M
current process commit charge ("private bytes"): 344M, peak: 395M

vm_info: Java HotSpot(TM) 64-Bit Server VM (22.0.2+9-70) for windows-amd64 JRE (22.0.2+9-70), built on 2024-06-04T16:52:23Z by "mach5one" with MS VC++ 17.6 (VS2022)

END.
